#
# There is insufficient memory for the Java Runtime Environment to continue.
# Native memory allocation (malloc) failed to allocate 32744 bytes for ChunkPool::allocate
# Possible reasons:
#   The system is out of physical RAM or swap space
#   The process is running with CompressedOops enabled, and the Java Heap may be blocking the growth of the native heap
# Possible solutions:
#   Reduce memory load on the system
#   Increase physical memory or swap space
#   Check if swap backing store is full
#   Decrease Java heap size (-Xmx/-Xms)
#   Decrease number of Java threads
#   Decrease Java thread stack sizes (-Xss)
#   Set larger code cache with -XX:ReservedCodeCacheSize=
#   JVM is running with Unscaled Compressed Oops mode in which the Java heap is
#     placed in the first 4GB address space. The Java Heap base address is the
#     maximum limit for the native heap growth. Please use -XX:HeapBaseMinAddress
#     to set the Java Heap base and to place the Java Heap above 4GB virtual address.
# This output file may be truncated or incomplete.
#
#  Out of Memory Error (allocation.cpp:272), pid=15260, tid=0x0000000000002eb4
#
# JRE version: OpenJDK Runtime Environment (8.0_242-b01) (build 1.8.0_242-release-1644-b01)
# Java VM: OpenJDK 64-Bit Server VM (25.242-b01 mixed mode windows-amd64 compressed oops)
# Failed to write core dump. Minidumps are not enabled by default on client versions of Windows
#

---------------  T H R E A D  ---------------

Current thread (0x00000000176f6800):  JavaThread "C2 CompilerThread0" daemon [_thread_in_native, id=11956, stack(0x0000000018d40000,0x0000000018e40000)]

Stack: [0x0000000018d40000,0x0000000018e40000]
[error occurred during error reporting (printing stack bounds), id 0xc0000005]

Native frames: (J=compiled Java code, j=interpreted, Vv=VM code, C=native code)


Current CompileTask:
C2:   4165 1597   !   4       java.net.URLClassLoader$1::run (63 bytes)


---------------  P R O C E S S  ---------------

Java Threads: ( => current thread )
  0x000000001b78f800 JavaThread "Cache worker for file hash cache (C:\Users\BENY PRASETYO\.gradle\caches\6.5\fileHashes)" [_thread_blocked, id=772, stack(0x000000001d6c0000,0x000000001d7c0000)]
  0x000000001b794000 JavaThread "File lock request listener" [_thread_in_native, id=11868, stack(0x000000001d5c0000,0x000000001d6c0000)]
  0x000000001b596800 JavaThread "Cache worker for journal cache (C:\Users\BENY PRASETYO\.gradle\caches\journal-1)" [_thread_blocked, id=6268, stack(0x000000001d4c0000,0x000000001d5c0000)]
  0x00000000198b6800 JavaThread "Thread-9" [_thread_blocked, id=1336, stack(0x000000001d1c0000,0x000000001d2c0000)]
  0x000000001b27b800 JavaThread "Stdin handler" [_thread_blocked, id=11780, stack(0x000000001d0c0000,0x000000001d1c0000)]
  0x000000001b27b000 JavaThread "Asynchronous log dispatcher for DefaultDaemonConnection: socket connection from /127.0.0.1:54859 to /127.0.0.1:54860" [_thread_blocked, id=2252, stack(0x000000001cfc0000,0x000000001d0c0000)]
  0x000000001b279800 JavaThread "Daemon worker" [_thread_in_vm, id=12716, stack(0x000000001cec0000,0x000000001cfc0000)]
  0x000000001b0d7800 JavaThread "Cancel handler" [_thread_blocked, id=8736, stack(0x000000001cdc0000,0x000000001cec0000)]
  0x000000001b2fa000 JavaThread "Handler for socket connection from /127.0.0.1:54859 to /127.0.0.1:54860" [_thread_in_native, id=4716, stack(0x000000001ccc0000,0x000000001cdc0000)]
  0x000000001b046000 JavaThread "Daemon periodic checks" [_thread_blocked, id=5684, stack(0x000000001cbc0000,0x000000001ccc0000)]
  0x000000001b27f000 JavaThread "Daemon" [_thread_blocked, id=17044, stack(0x000000001cac0000,0x000000001cbc0000)]
  0x000000001b03f000 JavaThread "Incoming local TCP Connector on port 54859" [_thread_in_native, id=16612, stack(0x000000001c680000,0x000000001c780000)]
  0x000000001b2bd000 JavaThread "Daemon health stats" [_thread_blocked, id=16936, stack(0x000000001c040000,0x000000001c140000)]
  0x000000001774d800 JavaThread "Service Thread" daemon [_thread_blocked, id=9088, stack(0x0000000019440000,0x0000000019540000)]
  0x0000000017704800 JavaThread "C1 CompilerThread2" daemon [_thread_blocked, id=16736, stack(0x0000000018f40000,0x0000000019040000)]
  0x00000000176fc800 JavaThread "C2 CompilerThread1" daemon [_thread_in_native, id=7516, stack(0x0000000018e40000,0x0000000018f40000)]
=>0x00000000176f6800 JavaThread "C2 CompilerThread0" daemon [_thread_in_native, id=11956, stack(0x0000000018d40000,0x0000000018e40000)]
  0x00000000176f5000 JavaThread "Attach Listener" daemon [_thread_blocked, id=16672, stack(0x0000000018c40000,0x0000000018d40000)]
  0x00000000176f4000 JavaThread "Signal Dispatcher" daemon [_thread_blocked, id=11080, stack(0x0000000018b40000,0x0000000018c40000)]
  0x0000000002acd800 JavaThread "Finalizer" daemon [_thread_blocked, id=1764, stack(0x0000000018940000,0x0000000018a40000)]
  0x00000000176d9000 JavaThread "Reference Handler" daemon [_thread_blocked, id=16740, stack(0x0000000018840000,0x0000000018940000)]
  0x0000000000c3e000 JavaThread "main" [_thread_blocked, id=17312, stack(0x00000000028d0000,0x00000000029d0000)]

Other Threads:
  0x00000000176b6000 VMThread [stack: 0x0000000018740000,0x0000000018840000] [id=2564]
  0x000000001774e800 WatcherThread [stack: 0x0000000019540000,0x0000000019640000] [id=8444]

VM state:not at safepoint (normal execution)

VM Mutex/Monitor currently owned by a thread: None

heap address: 0x0000000080000000, size: 2048 MB, Compressed Oops mode: 32-bit
Narrow klass base: 0x0000000000000000, Narrow klass shift: 3
Compressed class space size: 1073741824 Address: 0x0000000100000000

Heap:
 PSYoungGen      total 71680K, used 45858K [0x00000000d5580000, 0x00000000da080000, 0x0000000100000000)
  eden space 66560K, 61% used [0x00000000d5580000,0x00000000d7d50a08,0x00000000d9680000)
  from space 5120K, 99% used [0x00000000d9680000,0x00000000d9b78040,0x00000000d9b80000)
  to   space 5120K, 0% used [0x00000000d9b80000,0x00000000d9b80000,0x00000000da080000)
 ParOldGen       total 87552K, used 4055K [0x0000000080000000, 0x0000000085580000, 0x00000000d5580000)
  object space 87552K, 4% used [0x0000000080000000,0x00000000803f5c18,0x0000000085580000)
 Metaspace       used 17869K, capacity 18468K, committed 18560K, reserved 1064960K
  class space    used 2447K, capacity 2660K, committed 2688K, reserved 1048576K

Card table byte_map: [0x0000000011e90000,0x00000000122a0000] byte_map_base: 0x0000000011a90000

Marking Bits: (ParMarkBitMap*) 0x000000006062f030
 Begin Bits: [0x0000000012950000, 0x0000000014950000)
 End Bits:   [0x0000000014950000, 0x0000000016950000)

Polling page: 0x0000000000bf0000

CodeCache: size=245760Kb used=5911Kb max_used=5911Kb free=239848Kb
 bounds [0x0000000002ad0000, 0x00000000030a0000, 0x0000000011ad0000]
 total_blobs=2090 nmethods=1687 adapters=316
 compilation: enabled

Compilation events (10 events):
Event: 4.067 Thread 0x0000000017704800 1692       3       org.gradle.internal.service.DefaultServiceRegistry$ManagedObjectServiceProvider::requiredBy (20 bytes)
Event: 4.068 Thread 0x0000000017704800 nmethod 1692 0x0000000003097190 code [0x0000000003097320, 0x0000000003097848]
Event: 4.068 Thread 0x0000000017704800 1693       3       org.gradle.internal.service.DefaultServiceRegistry$ManagedObjectServiceProvider::fromSameRegistry (27 bytes)
Event: 4.068 Thread 0x0000000017704800 nmethod 1693 0x0000000003097990 code [0x0000000003097b00, 0x0000000003097ed0]
Event: 4.080 Thread 0x0000000017704800 1694       3       java.util.concurrent.locks.AbstractQueuedSynchronizer::compareAndSetState (13 bytes)
Event: 4.080 Thread 0x0000000017704800 nmethod 1694 0x0000000003097f90 code [0x00000000030980e0, 0x0000000003098250]
Event: 4.080 Thread 0x0000000017704800 1695       3       java.util.concurrent.locks.AbstractQueuedSynchronizer::release (33 bytes)
Event: 4.080 Thread 0x0000000017704800 nmethod 1695 0x00000000030982d0 code [0x0000000003098440, 0x0000000003098758]
Event: 4.133 Thread 0x0000000017704800 1696       3       java.util.concurrent.locks.ReentrantLock$Sync::tryRelease (45 bytes)
Event: 4.134 Thread 0x0000000017704800 nmethod 1696 0x0000000003098850 code [0x00000000030989e0, 0x0000000003098f88]

GC Heap History (6 events):
Event: 1.113 GC heap before
{Heap before GC invocations=1 (full 0):
 PSYoungGen      total 38400K, used 33280K [0x00000000d5580000, 0x00000000d8000000, 0x0000000100000000)
  eden space 33280K, 100% used [0x00000000d5580000,0x00000000d7600000,0x00000000d7600000)
  from space 5120K, 0% used [0x00000000d7b00000,0x00000000d7b00000,0x00000000d8000000)
  to   space 5120K, 0% used [0x00000000d7600000,0x00000000d7600000,0x00000000d7b00000)
 ParOldGen       total 87552K, used 0K [0x0000000080000000, 0x0000000085580000, 0x00000000d5580000)
  object space 87552K, 0% used [0x0000000080000000,0x0000000080000000,0x0000000085580000)
 Metaspace       used 7227K, capacity 7454K, committed 7680K, reserved 1056768K
  class space    used 890K, capacity 973K, committed 1024K, reserved 1048576K
Event: 1.126 GC heap after
Heap after GC invocations=1 (full 0):
 PSYoungGen      total 38400K, used 4330K [0x00000000d5580000, 0x00000000da080000, 0x0000000100000000)
  eden space 33280K, 0% used [0x00000000d5580000,0x00000000d5580000,0x00000000d7600000)
  from space 5120K, 84% used [0x00000000d7600000,0x00000000d7a3a9a8,0x00000000d7b00000)
  to   space 5120K, 0% used [0x00000000d9b80000,0x00000000d9b80000,0x00000000da080000)
 ParOldGen       total 87552K, used 0K [0x0000000080000000, 0x0000000085580000, 0x00000000d5580000)
  object space 87552K, 0% used [0x0000000080000000,0x0000000080000000,0x0000000085580000)
 Metaspace       used 7227K, capacity 7454K, committed 7680K, reserved 1056768K
  class space    used 890K, capacity 973K, committed 1024K, reserved 1048576K
}
Event: 1.498 GC heap before
{Heap before GC invocations=2 (full 0):
 PSYoungGen      total 38400K, used 37610K [0x00000000d5580000, 0x00000000da080000, 0x0000000100000000)
  eden space 33280K, 100% used [0x00000000d5580000,0x00000000d7600000,0x00000000d7600000)
  from space 5120K, 84% used [0x00000000d7600000,0x00000000d7a3a9a8,0x00000000d7b00000)
  to   space 5120K, 0% used [0x00000000d9b80000,0x00000000d9b80000,0x00000000da080000)
 ParOldGen       total 87552K, used 0K [0x0000000080000000, 0x0000000085580000, 0x00000000d5580000)
  object space 87552K, 0% used [0x0000000080000000,0x0000000080000000,0x0000000085580000)
 Metaspace       used 7415K, capacity 7646K, committed 7936K, reserved 1056768K
  class space    used 899K, capacity 973K, committed 1024K, reserved 1048576K
Event: 1.502 GC heap after
Heap after GC invocations=2 (full 0):
 PSYoungGen      total 71680K, used 3089K [0x00000000d5580000, 0x00000000da080000, 0x0000000100000000)
  eden space 66560K, 0% used [0x00000000d5580000,0x00000000d5580000,0x00000000d9680000)
  from space 5120K, 60% used [0x00000000d9b80000,0x00000000d9e845f8,0x00000000da080000)
  to   space 5120K, 0% used [0x00000000d9680000,0x00000000d9680000,0x00000000d9b80000)
 ParOldGen       total 87552K, used 8K [0x0000000080000000, 0x0000000085580000, 0x00000000d5580000)
  object space 87552K, 0% used [0x0000000080000000,0x0000000080002000,0x0000000085580000)
 Metaspace       used 7415K, capacity 7646K, committed 7936K, reserved 1056768K
  class space    used 899K, capacity 973K, committed 1024K, reserved 1048576K
}
Event: 3.451 GC heap before
{Heap before GC invocations=3 (full 0):
 PSYoungGen      total 71680K, used 69649K [0x00000000d5580000, 0x00000000da080000, 0x0000000100000000)
  eden space 66560K, 100% used [0x00000000d5580000,0x00000000d9680000,0x00000000d9680000)
  from space 5120K, 60% used [0x00000000d9b80000,0x00000000d9e845f8,0x00000000da080000)
  to   space 5120K, 0% used [0x00000000d9680000,0x00000000d9680000,0x00000000d9b80000)
 ParOldGen       total 87552K, used 8K [0x0000000080000000, 0x0000000085580000, 0x00000000d5580000)
  object space 87552K, 0% used [0x0000000080000000,0x0000000080002000,0x0000000085580000)
 Metaspace       used 14386K, capacity 14870K, committed 14976K, reserved 1062912K
  class space    used 1969K, capacity 2121K, committed 2176K, reserved 1048576K
Event: 3.469 GC heap after
Heap after GC invocations=3 (full 0):
 PSYoungGen      total 71680K, used 5088K [0x00000000d5580000, 0x00000000da080000, 0x0000000100000000)
  eden space 66560K, 0% used [0x00000000d5580000,0x00000000d5580000,0x00000000d9680000)
  from space 5120K, 99% used [0x00000000d9680000,0x00000000d9b78040,0x00000000d9b80000)
  to   space 5120K, 0% used [0x00000000d9b80000,0x00000000d9b80000,0x00000000da080000)
 ParOldGen       total 87552K, used 4055K [0x0000000080000000, 0x0000000085580000, 0x00000000d5580000)
  object space 87552K, 4% used [0x0000000080000000,0x00000000803f5c18,0x0000000085580000)
 Metaspace       used 14386K, capacity 14870K, committed 14976K, reserved 1062912K
  class space    used 1969K, capacity 2121K, committed 2176K, reserved 1048576K
}

Deoptimization events (10 events):
Event: 3.594 Thread 0x000000001b279800 Uncommon trap: reason=unstable_if action=reinterpret pc=0x0000000002e05c8c method=java.io.File.getName()Ljava/lang/String; @ 16
Event: 3.594 Thread 0x000000001b279800 Uncommon trap: reason=unstable_if action=reinterpret pc=0x0000000002e0661c method=java.lang.String.substring(I)Ljava/lang/String; @ 35
Event: 3.898 Thread 0x000000001b279800 Uncommon trap: reason=unstable_if action=reinterpret pc=0x0000000002e05070 method=java.util.LinkedHashMap.afterNodeInsertion(Z)V @ 1
Event: 3.898 Thread 0x000000001b279800 Uncommon trap: reason=unstable_if action=reinterpret pc=0x0000000002d58f44 method=java.util.HashMap.getNode(ILjava/lang/Object;)Ljava/util/HashMap$Node; @ 129
Event: 3.899 Thread 0x000000001b279800 Uncommon trap: reason=bimorphic action=maybe_recompile pc=0x0000000002fc12a8 method=java.util.HashMap.putVal(ILjava/lang/Object;Ljava/lang/Object;ZZ)Ljava/lang/Object; @ 203
Event: 3.902 Thread 0x000000001b279800 Uncommon trap: reason=unstable_if action=reinterpret pc=0x0000000002d53810 method=java.util.HashMap.getNode(ILjava/lang/Object;)Ljava/util/HashMap$Node; @ 129
Event: 3.902 Thread 0x000000001b279800 Uncommon trap: reason=bimorphic action=maybe_recompile pc=0x0000000002fc12a8 method=java.util.HashMap.putVal(ILjava/lang/Object;Ljava/lang/Object;ZZ)Ljava/lang/Object; @ 203
Event: 3.903 Thread 0x000000001b279800 Uncommon trap: reason=bimorphic action=maybe_recompile pc=0x0000000002fba454 method=java.util.HashMap.putVal(ILjava/lang/Object;Ljava/lang/Object;ZZ)Ljava/lang/Object; @ 203
Event: 3.993 Thread 0x000000001b279800 Uncommon trap: reason=unstable_if action=reinterpret pc=0x0000000002eb0380 method=sun.nio.cs.UTF_8$Decoder.decodeArrayLoop(Ljava/nio/ByteBuffer;Ljava/nio/CharBuffer;)Ljava/nio/charset/CoderResult; @ 110
Event: 4.116 Thread 0x000000001b279800 Uncommon trap: reason=unstable_if action=reinterpret pc=0x0000000003023e4c method=java.util.jar.Attributes$Name.isDigit(C)Z @ 3

Classes redefined (0 events):
No events

Internal exceptions (10 events):
Event: 2.972 Thread 0x000000001b2fa000 Exception <a 'java/lang/NoSuchMethodError': <clinit>> (0x00000000d7852640) thrown at [C:\src\AOSP-openjdk-git\hotspot\src\share\vm\prims\jni.cpp, line 1615]
Event: 2.975 Thread 0x000000001b2fa000 Exception <a 'java/lang/NoSuchMethodError': <clinit>> (0x00000000d7866d00) thrown at [C:\src\AOSP-openjdk-git\hotspot\src\share\vm\prims\jni.cpp, line 1615]
Event: 2.988 Thread 0x000000001b2fa000 Exception <a 'java/lang/NoSuchMethodError': <clinit>> (0x00000000d78d4328) thrown at [C:\src\AOSP-openjdk-git\hotspot\src\share\vm\prims\jni.cpp, line 1615]
Event: 2.998 Thread 0x000000001b2fa000 Exception <a 'java/lang/NoSuchMethodError': <clinit>> (0x00000000d790e8a0) thrown at [C:\src\AOSP-openjdk-git\hotspot\src\share\vm\prims\jni.cpp, line 1615]
Event: 3.004 Thread 0x000000001b2fa000 Exception <a 'java/lang/NoSuchMethodError': <clinit>> (0x00000000d7944218) thrown at [C:\src\AOSP-openjdk-git\hotspot\src\share\vm\prims\jni.cpp, line 1615]
Event: 3.005 Thread 0x000000001b2fa000 Exception <a 'java/lang/NoSuchMethodError': <clinit>> (0x00000000d79507e8) thrown at [C:\src\AOSP-openjdk-git\hotspot\src\share\vm\prims\jni.cpp, line 1615]
Event: 3.638 Thread 0x000000001b279800 Exception <a 'java/lang/NoSuchMethodError': java.lang.Object.lambda$and$0(Ljava/util/function/Predicate;Ljava/lang/Object;)Z> (0x00000000d5d1f1c0) thrown at [C:\src\AOSP-openjdk-git\hotspot\src\share\vm\interpreter\linkResolver.cpp, line 620]
Event: 3.652 Thread 0x000000001b279800 Exception <a 'java/lang/IncompatibleClassChangeError': Found class java.lang.Object, but interface was expected> (0x00000000d5d2f4b8) thrown at [C:\src\AOSP-openjdk-git\hotspot\src\share\vm\interpreter\linkResolver.cpp, line 653]
Event: 3.654 Thread 0x000000001b279800 Exception <a 'java/lang/NoSuchMethodError': java.lang.Object.lambda$or$2(Ljava/util/function/Predicate;Ljava/lang/Object;)Z> (0x00000000d5d34008) thrown at [C:\src\AOSP-openjdk-git\hotspot\src\share\vm\interpreter\linkResolver.cpp, line 620]
Event: 3.975 Thread 0x000000001b279800 Exception <a 'java/lang/NoSuchMethodError': java.lang.Object.lambda$static$0(Lorg/gradle/internal/state/ModelObject;)Ljava/lang/String;> (0x00000000d7560e68) thrown at [C:\src\AOSP-openjdk-git\hotspot\src\share\vm\interpreter\linkResolver.cpp, line 620]

Events (10 events):
Event: 4.152 loading class org/gradle/cache/internal/DefaultCrossBuildInMemoryCacheFactory$DefaultClassMap$1
Event: 4.152 loading class org/gradle/cache/internal/DefaultCrossBuildInMemoryCacheFactory$DefaultClassMap$1 done
Event: 4.153 loading class org/gradle/internal/instantiation/generator/AbstractClassGenerator$ServicesPropertyHandler
Event: 4.153 loading class org/gradle/internal/instantiation/generator/AbstractClassGenerator$ServicesPropertyHandler done
Event: 4.153 loading class org/gradle/internal/instantiation/generator/AbstractClassGenerator$ClassGenerationHandler
Event: 4.153 loading class org/gradle/internal/instantiation/generator/AbstractClassGenerator$ClassGenerationHandler done
Event: 4.154 loading class org/gradle/internal/instantiation/generator/AbstractClassGenerator$InjectAnnotationPropertyHandler
Event: 4.154 loading class org/gradle/internal/instantiation/generator/AbstractClassGenerator$InjectAnnotationPropertyHandler done
Event: 4.155 loading class org/gradle/internal/instantiation/generator/AbstractClassGenerator$AbstractInjectedPropertyHandler
Event: 4.155 loading class org/gradle/internal/instantiation/generator/AbstractClassGenerator$AbstractInjectedPropertyHandler done


Dynamic libraries:
0x00007ff674ce0000 - 0x00007ff674d11000 	C:\Program Files\Android\Android Studio\jre\bin\java.exe
0x00007ffefca00000 - 0x00007ffefcbed000 	C:\WINDOWS\SYSTEM32\ntdll.dll
0x00007ffefa220000 - 0x00007ffefa2d3000 	C:\WINDOWS\System32\KERNEL32.DLL
0x00007ffef8c90000 - 0x00007ffef8f25000 	C:\WINDOWS\System32\KERNELBASE.dll
0x00007ffefa8c0000 - 0x00007ffefa963000 	C:\WINDOWS\System32\ADVAPI32.dll
0x00007ffef9e00000 - 0x00007ffef9e9e000 	C:\WINDOWS\System32\msvcrt.dll
0x00007ffefa140000 - 0x00007ffefa1de000 	C:\WINDOWS\System32\sechost.dll
0x00007ffefa2e0000 - 0x00007ffefa402000 	C:\WINDOWS\System32\RPCRT4.dll
0x00007ffefa640000 - 0x00007ffefa7d7000 	C:\WINDOWS\System32\USER32.dll
0x00007ffef9250000 - 0x00007ffef9270000 	C:\WINDOWS\System32\win32u.dll
0x00007ffefae50000 - 0x00007ffefae79000 	C:\WINDOWS\System32\GDI32.dll
0x00007ffef9000000 - 0x00007ffef919c000 	C:\WINDOWS\System32\gdi32full.dll
0x00007ffef8f60000 - 0x00007ffef9000000 	C:\WINDOWS\System32\msvcp_win.dll
0x00007ffef93c0000 - 0x00007ffef94ba000 	C:\WINDOWS\System32\ucrtbase.dll
0x00007ffee8cd0000 - 0x00007ffee8f49000 	C:\WINDOWS\WinSxS\amd64_microsoft.windows.common-controls_6595b64144ccf1df_6.0.17763.1518_none_de6e2bd0534e2567\COMCTL32.dll
0x00007ffefaee0000 - 0x00007ffefb20d000 	C:\WINDOWS\System32\combase.dll
0x00007ffef9270000 - 0x00007ffef92ee000 	C:\WINDOWS\System32\bcryptPrimitives.dll
0x00007ffefa1e0000 - 0x00007ffefa20e000 	C:\WINDOWS\System32\IMM32.DLL
0x000000005fd80000 - 0x000000005fe52000 	C:\Program Files\Android\Android Studio\jre\jre\bin\msvcr100.dll
0x000000005fe60000 - 0x00000000606ab000 	C:\Program Files\Android\Android Studio\jre\jre\bin\server\jvm.dll
0x00007ffefc910000 - 0x00007ffefc918000 	C:\WINDOWS\System32\PSAPI.DLL
0x00007ffef0560000 - 0x00007ffef0584000 	C:\WINDOWS\SYSTEM32\WINMM.dll
0x00007ffee7f40000 - 0x00007ffee7f4a000 	C:\WINDOWS\SYSTEM32\VERSION.dll
0x00007ffef0530000 - 0x00007ffef055d000 	C:\WINDOWS\SYSTEM32\winmmbase.dll
0x00007ffef9200000 - 0x00007ffef924a000 	C:\WINDOWS\System32\cfgmgr32.dll
0x00007ffef5410000 - 0x00007ffef5419000 	C:\WINDOWS\SYSTEM32\WSOCK32.dll
0x00007ffefb320000 - 0x00007ffefb38d000 	C:\WINDOWS\System32\WS2_32.dll
0x00007ffef52b0000 - 0x00007ffef52bf000 	C:\Program Files\Android\Android Studio\jre\jre\bin\verify.dll
0x00007ffee17e0000 - 0x00007ffee1809000 	C:\Program Files\Android\Android Studio\jre\jre\bin\java.dll
0x00007ffee7eb0000 - 0x00007ffee7ec6000 	C:\Program Files\Android\Android Studio\jre\jre\bin\zip.dll
0x00007ffefb410000 - 0x00007ffefc909000 	C:\WINDOWS\System32\SHELL32.dll
0x00007ffefb210000 - 0x00007ffefb2b8000 	C:\WINDOWS\System32\shcore.dll
0x00007ffef94c0000 - 0x00007ffef9c12000 	C:\WINDOWS\System32\windows.storage.dll
0x00007ffef8a80000 - 0x00007ffef8aa4000 	C:\WINDOWS\System32\profapi.dll
0x00007ffef8a20000 - 0x00007ffef8a7d000 	C:\WINDOWS\System32\powrprof.dll
0x00007ffefb2c0000 - 0x00007ffefb312000 	C:\WINDOWS\System32\shlwapi.dll
0x00007ffef8a00000 - 0x00007ffef8a11000 	C:\WINDOWS\System32\kernel.appcore.dll
0x00007ffef93a0000 - 0x00007ffef93b7000 	C:\WINDOWS\System32\cryptsp.dll
0x00007ffee7cc0000 - 0x00007ffee7cda000 	C:\Program Files\Android\Android Studio\jre\jre\bin\net.dll
0x00007ffef8250000 - 0x00007ffef82b7000 	C:\WINDOWS\system32\mswsock.dll
0x00007ffee7a20000 - 0x00007ffee7a33000 	C:\Program Files\Android\Android Studio\jre\jre\bin\nio.dll
0x00007ffee9110000 - 0x00007ffee9137000 	C:\Users\BENY PRASETYO\.gradle\native\f6784746aeab05261644944871eae4fe03e0ef1612fff0a4a95f87b438bc6780\windows-amd64\native-platform.dll
0x00007ffef4010000 - 0x00007ffef401d000 	C:\Program Files\Android\Android Studio\jre\jre\bin\management.dll
0x00007ffef7dd0000 - 0x00007ffef7e03000 	C:\WINDOWS\system32\rsaenh.dll
0x00007ffef8f30000 - 0x00007ffef8f56000 	C:\WINDOWS\System32\bcrypt.dll
0x00007ffef8910000 - 0x00007ffef8939000 	C:\WINDOWS\SYSTEM32\USERENV.dll
0x00007ffef8420000 - 0x00007ffef842c000 	C:\WINDOWS\SYSTEM32\CRYPTBASE.dll
0x00007ffef7f70000 - 0x00007ffef7fad000 	C:\WINDOWS\SYSTEM32\IPHLPAPI.DLL
0x00007ffef9dd0000 - 0x00007ffef9dd8000 	C:\WINDOWS\System32\NSI.dll
0x00007ffef1eb0000 - 0x00007ffef1ec6000 	C:\WINDOWS\SYSTEM32\dhcpcsvc6.DLL
0x00007ffef1f30000 - 0x00007ffef1f4c000 	C:\WINDOWS\SYSTEM32\dhcpcsvc.DLL
0x00007ffef7fb0000 - 0x00007ffef8077000 	C:\WINDOWS\SYSTEM32\DNSAPI.dll
0x00007ffef3580000 - 0x00007ffef358b000 	C:\WINDOWS\SYSTEM32\WINNSI.DLL

VM Arguments:
jvm_args: -Xmx2048m -Dfile.encoding=UTF-8 -Duser.country=US -Duser.language=en -Duser.variant 
java_command: org.gradle.launcher.daemon.bootstrap.GradleDaemon 6.5
java_class_path (initial): C:\Users\BENY PRASETYO\.gradle\wrapper\dists\gradle-6.5-bin\6nifqtx7604sqp1q6g8wikw7p\gradle-6.5\lib\gradle-launcher-6.5.jar
Launcher Type: SUN_STANDARD

Environment Variables:
PATH=C:\WINDOWS\system32;C:\WINDOWS;C:\WINDOWS\System32\Wbem;C:\WINDOWS\System32\WindowsPowerShell\v1.0\;C:\WINDOWS\System32\OpenSSH\;C:\MinGW\bin;C:\Program Files\Git\cmd;C:\Program Files\Git\mingw64\bin;C:\Program Files\Git\usr\bin;C:\Users\BENY PRASETYO\AppData\Local\Microsoft\WindowsApps;;C:\Users\BENY PRASETYO\AppData\Local\Programs\Microsoft VS Code\bin
USERNAME=BENY PRASETYO
OS=Windows_NT
PROCESSOR_IDENTIFIER=Intel64 Family 6 Model 69 Stepping 1, GenuineIntel



---------------  S Y S T E M  ---------------

OS: Windows 10.0 , 64 bit Build 17763 (10.0.17763.475)

CPU:total 4 (initial active 4) (2 cores per cpu, 2 threads per core) family 6 model 69 stepping 1, cmov, cx8, fxsr, mmx, sse, sse2, sse3, ssse3, sse4.1, sse4.2, popcnt, avx, avx2, aes, clmul, erms, lzcnt, ht, tsc, tscinvbit, bmi1, bmi2

Memory: 4k page, physical 8291772k(457140k free), swap 23739356k(7800k free)

vm_info: OpenJDK 64-Bit Server VM (25.242-b01) for windows-amd64 JRE (1.8.0_242-release-1644-b01), built by "builder" with MS VC++ 10.0 (VS2010)

time: Mon Jan 18 08:55:31 2021
timezone: SE Asia Standard Time
elapsed time: 4 seconds (0d 0h 0m 4s)

