#
# There is insufficient memory for the Java Runtime Environment to continue.
# Native memory allocation (malloc) failed to allocate 889216 bytes for Chunk::new
# Possible reasons:
#   The system is out of physical RAM or swap space
#   The process is running with CompressedOops enabled, and the Java Heap may be blocking the growth of the native heap
# Possible solutions:
#   Reduce memory load on the system
#   Increase physical memory or swap space
#   Check if swap backing store is full
#   Decrease Java heap size (-Xmx/-Xms)
#   Decrease number of Java threads
#   Decrease Java thread stack sizes (-Xss)
#   Set larger code cache with -XX:ReservedCodeCacheSize=
#   JVM is running with Unscaled Compressed Oops mode in which the Java heap is
#     placed in the first 4GB address space. The Java Heap base address is the
#     maximum limit for the native heap growth. Please use -XX:HeapBaseMinAddress
#     to set the Java Heap base and to place the Java Heap above 4GB virtual address.
# This output file may be truncated or incomplete.
#
#  Out of Memory Error (allocation.cpp:389), pid=8648, tid=0x00000000000005ac
#
# JRE version: OpenJDK Runtime Environment (8.0_242-b01) (build 1.8.0_242-release-1644-b01)
# Java VM: OpenJDK 64-Bit Server VM (25.242-b01 mixed mode windows-amd64 compressed oops)
# Failed to write core dump. Minidumps are not enabled by default on client versions of Windows
#

---------------  T H R E A D  ---------------

Current thread (0x0000000017a45000):  JavaThread "C2 CompilerThread0" daemon [_thread_in_native, id=1452, stack(0x0000000019090000,0x0000000019190000)]

Stack: [0x0000000019090000,0x0000000019190000]
[error occurred during error reporting (printing stack bounds), id 0xc0000005]

Native frames: (J=compiled Java code, j=interpreted, Vv=VM code, C=native code)


Current CompileTask:
C2:  22600 7676       4       org.gradle.internal.snapshot.SnapshotUtil::getSnapshotFromChild (41 bytes)


---------------  P R O C E S S  ---------------

Java Threads: ( => current thread )
  0x000000001e59d800 JavaThread "WorkerExecutor Queue" [_thread_blocked, id=17472, stack(0x000000002cfd0000,0x000000002d0d0000)]
  0x000000001e5a0800 JavaThread "Cache worker for execution history cache (C:\Users\BENY PRASETYO\AndroidStudioProjects\GitHub\.gradle\6.5\executionHistory)" [_thread_blocked, id=14752, stack(0x000000002cad0000,0x000000002cbd0000)]
  0x000000001e5a3800 JavaThread "Execution worker for ':' Thread 3" [_thread_blocked, id=18132, stack(0x000000002c9d0000,0x000000002cad0000)]
  0x000000001c04d000 JavaThread "Execution worker for ':' Thread 2" [_thread_blocked, id=15860, stack(0x000000002c8d0000,0x000000002c9d0000)]
  0x000000001c04b800 JavaThread "Execution worker for ':'" [_thread_blocked, id=8320, stack(0x000000002c7d0000,0x000000002c8d0000)]
  0x000000001c04a800 JavaThread "Cache worker for file content cache (C:\Users\BENY PRASETYO\AndroidStudioProjects\GitHub\.gradle\6.5\fileContent)" [_thread_blocked, id=18276, stack(0x000000002b500000,0x000000002b600000)]
  0x000000001c048800 JavaThread "Memory manager" [_thread_blocked, id=1704, stack(0x000000002a3f0000,0x000000002a4f0000)]
  0x000000001c049000 JavaThread "Cache worker for Build Output Cleanup Cache (C:\Users\BENY PRASETYO\AndroidStudioProjects\GitHub\.gradle\buildOutputCleanup)" [_thread_blocked, id=17848, stack(0x0000000029cf0000,0x0000000029df0000)]
  0x000000001c04c000 JavaThread "jar transforms Thread 114" [_thread_blocked, id=12832, stack(0x00000000299f0000,0x0000000029af0000)]
  0x000000001c047000 JavaThread "jar transforms Thread 113" [_thread_blocked, id=18152, stack(0x00000000298f0000,0x00000000299f0000)]
  0x000000001c047800 JavaThread "jar transforms Thread 112" [_thread_blocked, id=17744, stack(0x00000000297f0000,0x00000000298f0000)]
  0x000000001c046000 JavaThread "jar transforms Thread 111" [_thread_blocked, id=224, stack(0x00000000296f0000,0x00000000297f0000)]
  0x000000001c04a000 JavaThread "jar transforms Thread 110" [_thread_blocked, id=9016, stack(0x00000000295f0000,0x00000000296f0000)]
  0x000000001c03e800 JavaThread "jar transforms Thread 109" [_thread_blocked, id=9232, stack(0x00000000294f0000,0x00000000295f0000)]
  0x000000001c045000 JavaThread "jar transforms Thread 108" [_thread_blocked, id=3560, stack(0x00000000293f0000,0x00000000294f0000)]
  0x000000001c03d800 JavaThread "jar transforms Thread 107" [_thread_blocked, id=13472, stack(0x00000000292f0000,0x00000000293f0000)]
  0x000000001c043000 JavaThread "jar transforms Thread 106" [_thread_blocked, id=17376, stack(0x00000000291f0000,0x00000000292f0000)]
  0x000000001c042000 JavaThread "jar transforms Thread 105" [_thread_blocked, id=13332, stack(0x00000000290f0000,0x00000000291f0000)]
  0x000000001c041800 JavaThread "jar transforms Thread 104" [_thread_blocked, id=9212, stack(0x0000000028ff0000,0x00000000290f0000)]
  0x000000001c040800 JavaThread "jar transforms Thread 103" [_thread_blocked, id=13100, stack(0x0000000028ef0000,0x0000000028ff0000)]
  0x000000001c043800 JavaThread "jar transforms Thread 102" [_thread_blocked, id=18344, stack(0x0000000028df0000,0x0000000028ef0000)]
  0x000000001c040000 JavaThread "jar transforms Thread 101" [_thread_blocked, id=16824, stack(0x0000000028cf0000,0x0000000028df0000)]
  0x000000001c044800 JavaThread "jar transforms Thread 100" [_thread_blocked, id=13588, stack(0x0000000028bf0000,0x0000000028cf0000)]
  0x000000001c03f000 JavaThread "jar transforms Thread 99" [_thread_blocked, id=16684, stack(0x0000000028af0000,0x0000000028bf0000)]
  0x000000001941b800 JavaThread "jar transforms Thread 98" [_thread_blocked, id=1876, stack(0x00000000289f0000,0x0000000028af0000)]
  0x000000001941a800 JavaThread "jar transforms Thread 97" [_thread_blocked, id=1436, stack(0x00000000288f0000,0x00000000289f0000)]
  0x000000001941a000 JavaThread "jar transforms Thread 96" [_thread_blocked, id=6260, stack(0x00000000287f0000,0x00000000288f0000)]
  0x0000000019419000 JavaThread "jar transforms Thread 95" [_thread_blocked, id=1508, stack(0x00000000286f0000,0x00000000287f0000)]
  0x0000000019418800 JavaThread "jar transforms Thread 94" [_thread_blocked, id=16712, stack(0x00000000285f0000,0x00000000286f0000)]
  0x0000000019417800 JavaThread "jar transforms Thread 93" [_thread_blocked, id=16652, stack(0x00000000284f0000,0x00000000285f0000)]
  0x000000001941d000 JavaThread "jar transforms Thread 92" [_thread_blocked, id=13232, stack(0x00000000283f0000,0x00000000284f0000)]
  0x000000001941c000 JavaThread "jar transforms Thread 91" [_thread_blocked, id=18144, stack(0x00000000282f0000,0x00000000283f0000)]
  0x0000000019417000 JavaThread "jar transforms Thread 90" [_thread_blocked, id=8868, stack(0x00000000281f0000,0x00000000282f0000)]
  0x0000000019416000 JavaThread "jar transforms Thread 89" [_thread_blocked, id=9020, stack(0x00000000280f0000,0x00000000281f0000)]
  0x000000001940e800 JavaThread "jar transforms Thread 88" [_thread_blocked, id=12408, stack(0x0000000027ff0000,0x00000000280f0000)]
  0x0000000019415800 JavaThread "jar transforms Thread 87" [_thread_blocked, id=5352, stack(0x0000000027ef0000,0x0000000027ff0000)]
  0x0000000019411000 JavaThread "jar transforms Thread 86" [_thread_blocked, id=17540, stack(0x0000000027df0000,0x0000000027ef0000)]
  0x0000000019414800 JavaThread "jar transforms Thread 85" [_thread_blocked, id=10036, stack(0x0000000027cf0000,0x0000000027df0000)]
  0x0000000019414000 JavaThread "jar transforms Thread 84" [_thread_blocked, id=18220, stack(0x0000000027bf0000,0x0000000027cf0000)]
  0x0000000019410000 JavaThread "jar transforms Thread 83" [_thread_blocked, id=10656, stack(0x0000000027af0000,0x0000000027bf0000)]
  0x0000000019411800 JavaThread "jar transforms Thread 82" [_thread_blocked, id=4916, stack(0x00000000279f0000,0x0000000027af0000)]
  0x0000000019413000 JavaThread "jar transforms Thread 81" [_thread_blocked, id=3904, stack(0x00000000278f0000,0x00000000279f0000)]
  0x000000001940e000 JavaThread "jar transforms Thread 80" [_thread_blocked, id=16900, stack(0x00000000277f0000,0x00000000278f0000)]
  0x000000001940f800 JavaThread "jar transforms Thread 79" [_thread_blocked, id=5608, stack(0x00000000276f0000,0x00000000277f0000)]
  0x0000000019412800 JavaThread "jar transforms Thread 78" [_thread_blocked, id=17996, stack(0x00000000274f0000,0x00000000275f0000)]
  0x000000001aad1000 JavaThread "jar transforms Thread 77" [_thread_blocked, id=16700, stack(0x00000000273f0000,0x00000000274f0000)]
  0x000000001aad0800 JavaThread "jar transforms Thread 76" [_thread_blocked, id=10604, stack(0x00000000272f0000,0x00000000273f0000)]
  0x000000001aacf800 JavaThread "jar transforms Thread 75" [_thread_blocked, id=12260, stack(0x00000000271f0000,0x00000000272f0000)]
  0x000000001aacf000 JavaThread "jar transforms Thread 74" [_thread_blocked, id=18376, stack(0x00000000270f0000,0x00000000271f0000)]
  0x000000001aace000 JavaThread "jar transforms Thread 73" [_thread_blocked, id=17832, stack(0x0000000026ff0000,0x00000000270f0000)]
  0x000000001aacd800 JavaThread "jar transforms Thread 72" [_thread_blocked, id=10256, stack(0x0000000026ef0000,0x0000000026ff0000)]
  0x000000001aacc000 JavaThread "jar transforms Thread 71" [_thread_blocked, id=16476, stack(0x0000000026df0000,0x0000000026ef0000)]
  0x000000001aacc800 JavaThread "jar transforms Thread 70" [_thread_blocked, id=11900, stack(0x0000000026cf0000,0x0000000026df0000)]
  0x000000001aac4800 JavaThread "jar transforms Thread 69" [_thread_blocked, id=6740, stack(0x0000000026bf0000,0x0000000026cf0000)]
  0x000000001aacb000 JavaThread "jar transforms Thread 68" [_thread_blocked, id=17392, stack(0x0000000026af0000,0x0000000026bf0000)]
  0x000000001aaca800 JavaThread "jar transforms Thread 67" [_thread_blocked, id=4812, stack(0x00000000269f0000,0x0000000026af0000)]
  0x000000001aac3000 JavaThread "jar transforms Thread 66" [_thread_blocked, id=16672, stack(0x00000000268f0000,0x00000000269f0000)]
  0x000000001aac9800 JavaThread "jar transforms Thread 65" [_thread_blocked, id=16692, stack(0x00000000267f0000,0x00000000268f0000)]
  0x000000001aac9000 JavaThread "jar transforms Thread 64" [_thread_blocked, id=15324, stack(0x00000000266f0000,0x00000000267f0000)]
  0x000000001aac8000 JavaThread "jar transforms Thread 63" [_thread_blocked, id=4640, stack(0x00000000265f0000,0x00000000266f0000)]
  0x000000001aac6000 JavaThread "jar transforms Thread 62" [_thread_blocked, id=9112, stack(0x00000000264f0000,0x00000000265f0000)]
  0x000000001aac3800 JavaThread "jar transforms Thread 61" [_thread_blocked, id=13460, stack(0x00000000263f0000,0x00000000264f0000)]
  0x000000001aac7800 JavaThread "jar transforms Thread 60" [_thread_blocked, id=12100, stack(0x00000000262f0000,0x00000000263f0000)]
  0x000000001aac2000 JavaThread "jar transforms Thread 59" [_thread_blocked, id=5560, stack(0x00000000261f0000,0x00000000262f0000)]
  0x000000001aac6800 JavaThread "jar transforms Thread 58" [_thread_blocked, id=16136, stack(0x00000000260f0000,0x00000000261f0000)]
  0x000000001aac5000 JavaThread "jar transforms Thread 57" [_thread_blocked, id=13704, stack(0x0000000025ff0000,0x00000000260f0000)]
  0x000000001dcf0800 JavaThread "jar transforms Thread 56" [_thread_blocked, id=18128, stack(0x0000000025ef0000,0x0000000025ff0000)]
  0x000000001dcf2000 JavaThread "jar transforms Thread 55" [_thread_blocked, id=9544, stack(0x0000000025df0000,0x0000000025ef0000)]
  0x000000001dcef800 JavaThread "jar transforms Thread 54" [_thread_blocked, id=16180, stack(0x0000000025cf0000,0x0000000025df0000)]
  0x000000001dcf1000 JavaThread "jar transforms Thread 53" [_thread_blocked, id=16996, stack(0x0000000025bf0000,0x0000000025cf0000)]
  0x000000001dcef000 JavaThread "jar transforms Thread 52" [_thread_blocked, id=10580, stack(0x0000000025af0000,0x0000000025bf0000)]
  0x000000001dcf4000 JavaThread "jar transforms Thread 51" [_thread_blocked, id=14464, stack(0x00000000259f0000,0x0000000025af0000)]
  0x000000001dcf2800 JavaThread "jar transforms Thread 50" [_thread_blocked, id=12216, stack(0x00000000258f0000,0x00000000259f0000)]
  0x000000001dcee000 JavaThread "jar transforms Thread 49" [_thread_blocked, id=17252, stack(0x00000000257f0000,0x00000000258f0000)]
  0x000000001dcf3800 JavaThread "jar transforms Thread 48" [_thread_blocked, id=18236, stack(0x00000000256f0000,0x00000000257f0000)]
  0x000000001dce7800 JavaThread "jar transforms Thread 47" [_thread_blocked, id=17664, stack(0x00000000255f0000,0x00000000256f0000)]
  0x000000001dced800 JavaThread "jar transforms Thread 46" [_thread_blocked, id=12396, stack(0x00000000254f0000,0x00000000255f0000)]
  0x000000001dce9800 JavaThread "jar transforms Thread 45" [_thread_blocked, id=17892, stack(0x00000000253f0000,0x00000000254f0000)]
  0x000000001dcea800 JavaThread "jar transforms Thread 44" [_thread_blocked, id=17888, stack(0x00000000252f0000,0x00000000253f0000)]
  0x000000001dce6800 JavaThread "jar transforms Thread 43" [_thread_blocked, id=18168, stack(0x00000000251f0000,0x00000000252f0000)]
  0x000000001dce9000 JavaThread "jar transforms Thread 42" [_thread_blocked, id=16424, stack(0x00000000250f0000,0x00000000251f0000)]
  0x000000001dcec000 JavaThread "jar transforms Thread 41" [_thread_blocked, id=12584, stack(0x0000000024ff0000,0x00000000250f0000)]
  0x000000001dceb000 JavaThread "jar transforms Thread 40" [_thread_blocked, id=10756, stack(0x0000000024ef0000,0x0000000024ff0000)]
  0x000000001dcec800 JavaThread "jar transforms Thread 39" [_thread_blocked, id=17940, stack(0x0000000024df0000,0x0000000024ef0000)]
  0x000000001dce8000 JavaThread "jar transforms Thread 38" [_thread_blocked, id=15952, stack(0x0000000024cf0000,0x0000000024df0000)]
  0x000000001dce6000 JavaThread "jar transforms Thread 37" [_thread_blocked, id=9464, stack(0x0000000024bf0000,0x0000000024cf0000)]
  0x000000001dce5000 JavaThread "jar transforms Thread 36" [_thread_blocked, id=16948, stack(0x0000000024af0000,0x0000000024bf0000)]
  0x000000001dc9b800 JavaThread "jar transforms Thread 35" [_thread_blocked, id=17896, stack(0x00000000249f0000,0x0000000024af0000)]
  0x000000001dc9a000 JavaThread "jar transforms Thread 34" [_thread_blocked, id=16952, stack(0x00000000248f0000,0x00000000249f0000)]
  0x000000001dc96000 JavaThread "jar transforms Thread 33" [_thread_blocked, id=10440, stack(0x00000000247f0000,0x00000000248f0000)]
  0x000000001dc98800 JavaThread "jar transforms Thread 32" [_thread_blocked, id=8684, stack(0x00000000246f0000,0x00000000247f0000)]
  0x000000001dc97000 JavaThread "jar transforms Thread 31" [_thread_blocked, id=11352, stack(0x00000000245f0000,0x00000000246f0000)]
  0x000000001dc97800 JavaThread "jar transforms Thread 30" [_thread_blocked, id=16920, stack(0x00000000244f0000,0x00000000245f0000)]
  0x000000001dc99000 JavaThread "jar transforms Thread 29" [_thread_blocked, id=17200, stack(0x00000000243f0000,0x00000000244f0000)]
  0x000000001dc9a800 JavaThread "jar transforms Thread 28" [_thread_blocked, id=14376, stack(0x00000000242f0000,0x00000000243f0000)]
  0x000000001dc8e800 JavaThread "jar transforms Thread 27" [_thread_blocked, id=3176, stack(0x00000000241f0000,0x00000000242f0000)]
  0x000000001dc95800 JavaThread "jar transforms Thread 26" [_thread_blocked, id=13152, stack(0x00000000240f0000,0x00000000241f0000)]
  0x000000001dc8e000 JavaThread "jar transforms Thread 25" [_thread_blocked, id=9512, stack(0x0000000023ff0000,0x00000000240f0000)]
  0x000000001dc94800 JavaThread "jar transforms Thread 24" [_thread_blocked, id=18196, stack(0x0000000023ef0000,0x0000000023ff0000)]
  0x000000001dc8d000 JavaThread "jar transforms Thread 23" [_thread_blocked, id=4876, stack(0x0000000023df0000,0x0000000023ef0000)]
  0x000000001dc91800 JavaThread "jar transforms Thread 22" [_thread_blocked, id=3280, stack(0x0000000023cf0000,0x0000000023df0000)]
  0x000000001dc90000 JavaThread "jar transforms Thread 21" [_thread_blocked, id=17040, stack(0x0000000023bf0000,0x0000000023cf0000)]
  0x000000001dc91000 JavaThread "jar transforms Thread 20" [_thread_blocked, id=17640, stack(0x00000000239f0000,0x0000000023af0000)]
  0x000000001dc94000 JavaThread "jar transforms Thread 19" [_thread_blocked, id=18348, stack(0x00000000238f0000,0x00000000239f0000)]
  0x000000001dc93000 JavaThread "jar transforms Thread 18" [_thread_blocked, id=6720, stack(0x00000000237f0000,0x00000000238f0000)]
  0x000000001dc92800 JavaThread "jar transforms Thread 17" [_thread_blocked, id=18224, stack(0x00000000236f0000,0x00000000237f0000)]
  0x000000001dc8f800 JavaThread "jar transforms Thread 16" [_thread_blocked, id=14428, stack(0x00000000235f0000,0x00000000236f0000)]
  0x000000001dc8c800 JavaThread "jar transforms Thread 15" [_thread_blocked, id=3792, stack(0x00000000234f0000,0x00000000235f0000)]
  0x000000001c0a2800 JavaThread "jar transforms Thread 14" [_thread_blocked, id=14060, stack(0x00000000233f0000,0x00000000234f0000)]
  0x000000001c0a3800 JavaThread "jar transforms Thread 13" [_thread_blocked, id=17928, stack(0x00000000232f0000,0x00000000233f0000)]
  0x000000001c0a1000 JavaThread "jar transforms Thread 12" [_thread_blocked, id=15260, stack(0x00000000231f0000,0x00000000232f0000)]
  0x000000001c0a7000 JavaThread "jar transforms Thread 11" [_thread_blocked, id=4648, stack(0x00000000230f0000,0x00000000231f0000)]
  0x000000001c0a6800 JavaThread "jar transforms Thread 10" [_thread_blocked, id=17676, stack(0x0000000022ff0000,0x00000000230f0000)]
  0x000000001c0a2000 JavaThread "jar transforms Thread 9" [_thread_blocked, id=9200, stack(0x0000000022ef0000,0x0000000022ff0000)]
  0x000000001c0a5000 JavaThread "jar transforms Thread 8" [_thread_blocked, id=17544, stack(0x0000000022df0000,0x0000000022ef0000)]
  0x000000001c0a4000 JavaThread "jar transforms Thread 7" [_thread_blocked, id=17336, stack(0x0000000022cf0000,0x0000000022df0000)]
  0x000000001c0a5800 JavaThread "jar transforms Thread 6" [_thread_blocked, id=15928, stack(0x0000000022bf0000,0x0000000022cf0000)]
  0x000000001c09a800 JavaThread "jar transforms Thread 5" [_thread_blocked, id=17044, stack(0x0000000022af0000,0x0000000022bf0000)]
  0x000000001c09b000 JavaThread "jar transforms Thread 4" [_thread_blocked, id=4776, stack(0x00000000229f0000,0x0000000022af0000)]
  0x000000001c099800 JavaThread "jar transforms Thread 3" [_thread_blocked, id=8908, stack(0x00000000228f0000,0x00000000229f0000)]
  0x000000001c0a0800 JavaThread "jar transforms Thread 2" [_thread_blocked, id=9528, stack(0x00000000227f0000,0x00000000228f0000)]
  0x000000001c09d800 JavaThread "Build operations Thread 4" [_thread_blocked, id=17852, stack(0x00000000226f0000,0x00000000227f0000)]
  0x000000001c09c000 JavaThread "Build operations Thread 3" [_thread_blocked, id=15776, stack(0x00000000225f0000,0x00000000226f0000)]
  0x000000001c09c800 JavaThread "Build operations Thread 2" [_thread_blocked, id=17816, stack(0x00000000224f0000,0x00000000225f0000)]
  0x000000001c099000 JavaThread "Build operations" [_thread_blocked, id=9712, stack(0x00000000223f0000,0x00000000224f0000)]
  0x000000001b77f800 JavaThread "Cache worker for file content cache (C:\Users\BENY PRASETYO\.gradle\caches\6.5\fileContent)" [_thread_blocked, id=8036, stack(0x0000000021cf0000,0x0000000021df0000)]
  0x000000001b77e000 JavaThread "jar transforms" [_thread_blocked, id=13604, stack(0x0000000021980000,0x0000000021a80000)]
  0x000000001b77d800 JavaThread "Cache worker for execution history cache (C:\Users\BENY PRASETYO\.gradle\caches\6.5\executionHistory)" [_thread_blocked, id=17432, stack(0x0000000020450000,0x0000000020550000)]
  0x000000001b77c800 JavaThread "Cache worker for cache directory md-rule (C:\Users\BENY PRASETYO\.gradle\caches\6.5\md-rule)" [_thread_blocked, id=5844, stack(0x0000000020350000,0x0000000020450000)]
  0x000000001b77c000 JavaThread "Cache worker for cache directory md-supplier (C:\Users\BENY PRASETYO\.gradle\caches\6.5\md-supplier)" [_thread_blocked, id=1580, stack(0x0000000020250000,0x0000000020350000)]
  0x000000001b780800 JavaThread "Cache worker for checksums cache (C:\Users\BENY PRASETYO\AndroidStudioProjects\GitHub\.gradle\checksums)" [_thread_blocked, id=12736, stack(0x0000000020150000,0x0000000020250000)]
  0x000000001b77b000 JavaThread "Cache worker for file hash cache (C:\Users\BENY PRASETYO\AndroidStudioProjects\GitHub\.gradle\6.5\fileHashes)" [_thread_blocked, id=17328, stack(0x000000001fe50000,0x000000001ff50000)]
  0x000000001b77a800 JavaThread "Cache worker for file hash cache (C:\Users\BENY PRASETYO\.gradle\caches\6.5\fileHashes)" [_thread_blocked, id=6832, stack(0x000000001e980000,0x000000001ea80000)]
  0x000000001b77f000 JavaThread "File lock request listener" [_thread_in_native, id=17716, stack(0x000000001d8b0000,0x000000001d9b0000)]
  0x000000001b412000 JavaThread "Cache worker for journal cache (C:\Users\BENY PRASETYO\.gradle\caches\journal-1)" [_thread_blocked, id=2240, stack(0x000000001d7b0000,0x000000001d8b0000)]
  0x000000001b2a3000 JavaThread "Thread-9" [_thread_blocked, id=4288, stack(0x000000001d4b0000,0x000000001d5b0000)]
  0x000000001b29e800 JavaThread "Stdin handler" [_thread_blocked, id=10876, stack(0x000000001d3b0000,0x000000001d4b0000)]
  0x000000001b29d000 JavaThread "Asynchronous log dispatcher for DefaultDaemonConnection: socket connection from /127.0.0.1:59852 to /127.0.0.1:59853" [_thread_blocked, id=9756, stack(0x000000001d2b0000,0x000000001d3b0000)]
  0x000000001b299800 JavaThread "Daemon worker" [_thread_blocked, id=4712, stack(0x000000001d1b0000,0x000000001d2b0000)]
  0x000000001b0f1000 JavaThread "Cancel handler" [_thread_blocked, id=12016, stack(0x000000001d0b0000,0x000000001d1b0000)]
  0x000000001acb3800 JavaThread "Handler for socket connection from /127.0.0.1:59852 to /127.0.0.1:59853" [_thread_in_native, id=15028, stack(0x000000001cfb0000,0x000000001d0b0000)]
  0x000000001ad54000 JavaThread "Daemon" [_thread_blocked, id=10120, stack(0x000000001ccb0000,0x000000001cdb0000)]
  0x000000001ae65800 JavaThread "Daemon periodic checks" [_thread_blocked, id=16844, stack(0x000000001cbb0000,0x000000001ccb0000)]
  0x000000001af9a000 JavaThread "Incoming local TCP Connector on port 59852" [_thread_in_native, id=15596, stack(0x000000001c970000,0x000000001ca70000)]
  0x000000001b204800 JavaThread "Daemon health stats" [_thread_blocked, id=17756, stack(0x000000001c330000,0x000000001c430000)]
  0x00000000191a5800 JavaThread "Service Thread" daemon [_thread_blocked, id=2556, stack(0x0000000019790000,0x0000000019890000)]
  0x0000000017a9c800 JavaThread "C1 CompilerThread2" daemon [_thread_blocked, id=18328, stack(0x0000000019690000,0x0000000019790000)]
  0x0000000019199000 JavaThread "C2 CompilerThread1" daemon [_thread_in_native, id=17992, stack(0x0000000019590000,0x0000000019690000)]
=>0x0000000017a45000 JavaThread "C2 CompilerThread0" daemon [_thread_in_native, id=1452, stack(0x0000000019090000,0x0000000019190000)]
  0x0000000017a43800 JavaThread "Attach Listener" daemon [_thread_blocked, id=13108, stack(0x0000000018f90000,0x0000000019090000)]
  0x0000000017a42800 JavaThread "Signal Dispatcher" daemon [_thread_blocked, id=2000, stack(0x0000000018e90000,0x0000000018f90000)]
  0x0000000002c5c000 JavaThread "Finalizer" daemon [_thread_blocked, id=3360, stack(0x0000000018c90000,0x0000000018d90000)]
  0x0000000017a29000 JavaThread "Reference Handler" daemon [_thread_blocked, id=8848, stack(0x0000000018b90000,0x0000000018c90000)]
  0x0000000002f1e000 JavaThread "main" [_thread_blocked, id=7444, stack(0x0000000001260000,0x0000000001360000)]

Other Threads:
  0x0000000017a06000 VMThread [stack: 0x0000000018a90000,0x0000000018b90000] [id=4496]
  0x00000000191a6800 WatcherThread [stack: 0x0000000019890000,0x0000000019990000] [id=18116]

VM state:at safepoint (normal execution)

VM Mutex/Monitor currently owned by a thread:  ([mutex/lock_event])
[0x0000000002f1dc40] Safepoint_lock - owner thread: 0x0000000017a06000
[0x0000000002f1dac0] Threads_lock - owner thread: 0x0000000017a06000

heap address: 0x0000000080000000, size: 2048 MB, Compressed Oops mode: 32-bit
Narrow klass base: 0x0000000000000000, Narrow klass shift: 3
Compressed class space size: 1073741824 Address: 0x0000000100000000

Heap:
 PSYoungGen      total 279040K, used 197015K [0x00000000d5580000, 0x00000000ebf80000, 0x0000000100000000)
  eden space 260096K, 75% used [0x00000000d5580000,0x00000000e15e5e58,0x00000000e5380000)
  from space 18944K, 0% used [0x00000000e5380000,0x00000000e5380000,0x00000000e6600000)
  to   space 25088K, 0% used [0x00000000ea700000,0x00000000ea700000,0x00000000ebf80000)
 ParOldGen       total 136704K, used 39179K [0x0000000080000000, 0x0000000088580000, 0x00000000d5580000)
  object space 136704K, 28% used [0x0000000080000000,0x0000000082642eb0,0x0000000088580000)
 Metaspace       used 66576K, capacity 69678K, committed 69912K, reserved 1110016K
  class space    used 9141K, capacity 9710K, committed 9768K, reserved 1048576K

Card table byte_map: [0x00000000122e0000,0x00000000126f0000] byte_map_base: 0x0000000011ee0000

Marking Bits: (ParMarkBitMap*) 0x000000006b5ff030
 Begin Bits: [0x0000000012ca0000, 0x0000000014ca0000)
 End Bits:   [0x0000000014ca0000, 0x0000000016ca0000)

Polling page: 0x0000000000f40000

CodeCache: size=245760Kb used=21105Kb max_used=21105Kb free=224654Kb
 bounds [0x0000000002f20000, 0x00000000043e0000, 0x0000000011f20000]
 total_blobs=7563 nmethods=6775 adapters=700
 compilation: enabled

Compilation events (10 events):
Event: 22.577 Thread 0x0000000017a9c800 7767       3       org.gradle.internal.fingerprint.classpath.impl.ClasspathFingerprintingStrategy$ClasspathContentFingerprintingVisitor::<init> (36 bytes)
Event: 22.577 Thread 0x0000000019199000 nmethod 7768 0x00000000043d3cd0 code [0x00000000043d3e20, 0x00000000043d3ed8]
Event: 22.578 Thread 0x0000000017a9c800 nmethod 7767 0x00000000043d2b50 code [0x00000000043d2d40, 0x00000000043d3690]
Event: 22.580 Thread 0x0000000017a9c800 7769       3       java.io.File::toString (5 bytes)
Event: 22.580 Thread 0x0000000017a9c800 nmethod 7769 0x00000000043d2810 code [0x00000000043d2960, 0x00000000043d2ad0]
Event: 22.582 Thread 0x0000000017a9c800 7770       3       java.util.ArrayList::remove (77 bytes)
Event: 22.582 Thread 0x0000000017a9c800 nmethod 7770 0x00000000043d1ed0 code [0x00000000043d2080, 0x00000000043d25c8]
Event: 22.585 Thread 0x0000000019199000 7771       4       org.gradle.internal.execution.history.impl.FingerprintMapSerializer::readFingerprint (91 bytes)
Event: 22.586 Thread 0x0000000017a9c800 7774       3       org.gradle.internal.snapshot.impl.DefaultImplementationSnapshot::<init> (11 bytes)
Event: 22.587 Thread 0x0000000017a9c800 nmethod 7774 0x00000000043d1a50 code [0x00000000043d1bc0, 0x00000000043d1df0]

GC Heap History (10 events):
Event: 8.527 GC heap before
{Heap before GC invocations=8 (full 1):
 PSYoungGen      total 237056K, used 44399K [0x00000000d5580000, 0x00000000e7280000, 0x0000000100000000)
  eden space 224256K, 14% used [0x00000000d5580000,0x00000000d745d820,0x00000000e3080000)
  from space 12800K, 99% used [0x00000000e6600000,0x00000000e727e738,0x00000000e7280000)
  to   space 16384K, 0% used [0x00000000e5280000,0x00000000e5280000,0x00000000e6280000)
 ParOldGen       total 56832K, used 8726K [0x0000000080000000, 0x0000000083780000, 0x00000000d5580000)
  object space 56832K, 15% used [0x0000000080000000,0x0000000080885850,0x0000000083780000)
 Metaspace       used 34287K, capacity 35412K, committed 35496K, reserved 1079296K
  class space    used 4703K, capacity 5001K, committed 5032K, reserved 1048576K
Event: 8.579 GC heap after
Heap after GC invocations=8 (full 1):
 PSYoungGen      total 240640K, used 8761K [0x00000000d5580000, 0x00000000e7280000, 0x0000000100000000)
  eden space 224256K, 0% used [0x00000000d5580000,0x00000000d5580000,0x00000000e3080000)
  from space 16384K, 53% used [0x00000000e5280000,0x00000000e5b0e7e8,0x00000000e6280000)
  to   space 12800K, 0% used [0x00000000e6600000,0x00000000e6600000,0x00000000e7280000)
 ParOldGen       total 56832K, used 8734K [0x0000000080000000, 0x0000000083780000, 0x00000000d5580000)
  object space 56832K, 15% used [0x0000000080000000,0x0000000080887850,0x0000000083780000)
 Metaspace       used 34287K, capacity 35412K, committed 35496K, reserved 1079296K
  class space    used 4703K, capacity 5001K, committed 5032K, reserved 1048576K
}
Event: 8.579 GC heap before
{Heap before GC invocations=9 (full 2):
 PSYoungGen      total 240640K, used 8761K [0x00000000d5580000, 0x00000000e7280000, 0x0000000100000000)
  eden space 224256K, 0% used [0x00000000d5580000,0x00000000d5580000,0x00000000e3080000)
  from space 16384K, 53% used [0x00000000e5280000,0x00000000e5b0e7e8,0x00000000e6280000)
  to   space 12800K, 0% used [0x00000000e6600000,0x00000000e6600000,0x00000000e7280000)
 ParOldGen       total 56832K, used 8734K [0x0000000080000000, 0x0000000083780000, 0x00000000d5580000)
  object space 56832K, 15% used [0x0000000080000000,0x0000000080887850,0x0000000083780000)
 Metaspace       used 34287K, capacity 35412K, committed 35496K, reserved 1079296K
  class space    used 4703K, capacity 5001K, committed 5032K, reserved 1048576K
Event: 8.831 GC heap after
Heap after GC invocations=9 (full 2):
 PSYoungGen      total 240640K, used 0K [0x00000000d5580000, 0x00000000e7280000, 0x0000000100000000)
  eden space 224256K, 0% used [0x00000000d5580000,0x00000000d5580000,0x00000000e3080000)
  from space 16384K, 0% used [0x00000000e5280000,0x00000000e5280000,0x00000000e6280000)
  to   space 12800K, 0% used [0x00000000e6600000,0x00000000e6600000,0x00000000e7280000)
 ParOldGen       total 86016K, used 15143K [0x0000000080000000, 0x0000000085400000, 0x00000000d5580000)
  object space 86016K, 17% used [0x0000000080000000,0x0000000080ec9d80,0x0000000085400000)
 Metaspace       used 34287K, capacity 35412K, committed 35496K, reserved 1079296K
  class space    used 4703K, capacity 5001K, committed 5032K, reserved 1048576K
}
Event: 11.919 GC heap before
{Heap before GC invocations=10 (full 2):
 PSYoungGen      total 240640K, used 224256K [0x00000000d5580000, 0x00000000e7280000, 0x0000000100000000)
  eden space 224256K, 100% used [0x00000000d5580000,0x00000000e3080000,0x00000000e3080000)
  from space 16384K, 0% used [0x00000000e5280000,0x00000000e5280000,0x00000000e6280000)
  to   space 12800K, 0% used [0x00000000e6600000,0x00000000e6600000,0x00000000e7280000)
 ParOldGen       total 86016K, used 15143K [0x0000000080000000, 0x0000000085400000, 0x00000000d5580000)
  object space 86016K, 17% used [0x0000000080000000,0x0000000080ec9d80,0x0000000085400000)
 Metaspace       used 45438K, capacity 47234K, committed 47528K, reserved 1089536K
  class space    used 6125K, capacity 6479K, committed 6568K, reserved 1048576K
Event: 11.938 GC heap after
Heap after GC invocations=10 (full 2):
 PSYoungGen      total 272896K, used 12780K [0x00000000d5580000, 0x00000000eb300000, 0x0000000100000000)
  eden space 260096K, 0% used [0x00000000d5580000,0x00000000d5580000,0x00000000e5380000)
  from space 12800K, 99% used [0x00000000e6600000,0x00000000e727b2b0,0x00000000e7280000)
  to   space 18944K, 0% used [0x00000000e5380000,0x00000000e5380000,0x00000000e6600000)
 ParOldGen       total 86016K, used 19606K [0x0000000080000000, 0x0000000085400000, 0x00000000d5580000)
  object space 86016K, 22% used [0x0000000080000000,0x0000000081325838,0x0000000085400000)
 Metaspace       used 45438K, capacity 47234K, committed 47528K, reserved 1089536K
  class space    used 6125K, capacity 6479K, committed 6568K, reserved 1048576K
}
Event: 14.528 GC heap before
{Heap before GC invocations=11 (full 2):
 PSYoungGen      total 272896K, used 165116K [0x00000000d5580000, 0x00000000eb300000, 0x0000000100000000)
  eden space 260096K, 58% used [0x00000000d5580000,0x00000000dea44140,0x00000000e5380000)
  from space 12800K, 99% used [0x00000000e6600000,0x00000000e727b2b0,0x00000000e7280000)
  to   space 18944K, 0% used [0x00000000e5380000,0x00000000e5380000,0x00000000e6600000)
 ParOldGen       total 86016K, used 19606K [0x0000000080000000, 0x0000000085400000, 0x00000000d5580000)
  object space 86016K, 22% used [0x0000000080000000,0x0000000081325838,0x0000000085400000)
 Metaspace       used 56796K, capacity 59014K, committed 59160K, reserved 1099776K
  class space    used 7683K, capacity 8148K, committed 8232K, reserved 1048576K
Event: 14.561 GC heap after
Heap after GC invocations=11 (full 2):
 PSYoungGen      total 279040K, used 18921K [0x00000000d5580000, 0x00000000ebf80000, 0x0000000100000000)
  eden space 260096K, 0% used [0x00000000d5580000,0x00000000d5580000,0x00000000e5380000)
  from space 18944K, 99% used [0x00000000e5380000,0x00000000e65fa670,0x00000000e6600000)
  to   space 25088K, 0% used [0x00000000ea700000,0x00000000ea700000,0x00000000ebf80000)
 ParOldGen       total 86016K, used 27441K [0x0000000080000000, 0x0000000085400000, 0x00000000d5580000)
  object space 86016K, 31% used [0x0000000080000000,0x0000000081acc420,0x0000000085400000)
 Metaspace       used 56796K, capacity 59014K, committed 59160K, reserved 1099776K
  class space    used 7683K, capacity 8148K, committed 8232K, reserved 1048576K
}
Event: 14.561 GC heap before
{Heap before GC invocations=12 (full 3):
 PSYoungGen      total 279040K, used 18921K [0x00000000d5580000, 0x00000000ebf80000, 0x0000000100000000)
  eden space 260096K, 0% used [0x00000000d5580000,0x00000000d5580000,0x00000000e5380000)
  from space 18944K, 99% used [0x00000000e5380000,0x00000000e65fa670,0x00000000e6600000)
  to   space 25088K, 0% used [0x00000000ea700000,0x00000000ea700000,0x00000000ebf80000)
 ParOldGen       total 86016K, used 27441K [0x0000000080000000, 0x0000000085400000, 0x00000000d5580000)
  object space 86016K, 31% used [0x0000000080000000,0x0000000081acc420,0x0000000085400000)
 Metaspace       used 56796K, capacity 59014K, committed 59160K, reserved 1099776K
  class space    used 7683K, capacity 8148K, committed 8232K, reserved 1048576K
Event: 14.829 GC heap after
Heap after GC invocations=12 (full 3):
 PSYoungGen      total 279040K, used 0K [0x00000000d5580000, 0x00000000ebf80000, 0x0000000100000000)
  eden space 260096K, 0% used [0x00000000d5580000,0x00000000d5580000,0x00000000e5380000)
  from space 18944K, 0% used [0x00000000e5380000,0x00000000e5380000,0x00000000e6600000)
  to   space 25088K, 0% used [0x00000000ea700000,0x00000000ea700000,0x00000000ebf80000)
 ParOldGen       total 136704K, used 39179K [0x0000000080000000, 0x0000000088580000, 0x00000000d5580000)
  object space 136704K, 28% used [0x0000000080000000,0x0000000082642eb0,0x0000000088580000)
 Metaspace       used 56781K, capacity 58966K, committed 59160K, reserved 1099776K
  class space    used 7679K, capacity 8140K, committed 8232K, reserved 1048576K
}

Deoptimization events (10 events):
Event: 21.344 Thread 0x000000001b77d800 Uncommon trap: reason=unstable_if action=reinterpret pc=0x0000000003a260dc method=com.esotericsoftware.kryo.io.Input.readUtf8(I)V @ 79
Event: 21.370 Thread 0x000000001e5a3800 Uncommon trap: reason=unstable_if action=reinterpret pc=0x00000000031ee5fc method=java.lang.String$CaseInsensitiveComparator.compare(Ljava/lang/String;Ljava/lang/String;)I @ 70
Event: 21.408 Thread 0x000000001b77d800 Uncommon trap: reason=class_check action=maybe_recompile pc=0x00000000034cad68 method=java.io.BufferedInputStream.read1([BII)I @ 39
Event: 21.409 Thread 0x000000001b77d800 Uncommon trap: reason=unstable_if action=reinterpret pc=0x00000000031ef9bc method=com.esotericsoftware.kryo.io.Input.readVarInt(Z)I @ 42
Event: 21.456 Thread 0x000000001b77d800 Uncommon trap: reason=class_check action=maybe_recompile pc=0x00000000034cad68 method=java.io.BufferedInputStream.read1([BII)I @ 39
Event: 21.457 Thread 0x000000001b77d800 Uncommon trap: reason=unstable_if action=reinterpret pc=0x0000000003438ca8 method=com.esotericsoftware.kryo.io.Input.readVarInt(Z)I @ 42
Event: 21.471 Thread 0x000000001c09d800 Uncommon trap: reason=unstable_if action=reinterpret pc=0x0000000003cf55c0 method=java.util.concurrent.locks.ReentrantLock$Sync.nonfairTryAcquire(I)Z @ 19
Event: 21.766 Thread 0x000000001b77d800 Uncommon trap: reason=class_check action=maybe_recompile pc=0x00000000034cad68 method=java.io.BufferedInputStream.read1([BII)I @ 39
Event: 21.775 Thread 0x000000001b77d800 Uncommon trap: reason=class_check action=maybe_recompile pc=0x00000000034cad68 method=java.io.BufferedInputStream.read1([BII)I @ 39
Event: 22.506 Thread 0x000000001c04b800 Uncommon trap: reason=bimorphic action=maybe_recompile pc=0x00000000031ceab0 method=java.io.BufferedInputStream.read1([BII)I @ 39

Classes redefined (0 events):
No events

Internal exceptions (10 events):
Event: 21.236 Thread 0x000000001c09c000 Exception <a 'java/lang/NoSuchMethodError': java.lang.Object.lambda$flatMap$1(Ljava/util/function/Function;Lorg/gradle/internal/Try;)Lorg/gradle/api/internal/artifacts/transform/CacheableInvocation;> (0x00000000dd9f7a30) thrown at [C:\src\AOSP-openjdk-git
Event: 21.236 Thread 0x000000001c09d800 Exception <a 'java/lang/NoSuchMethodError': java.lang.Object.lambda$flatMap$1(Ljava/util/function/Function;Lorg/gradle/internal/Try;)Lorg/gradle/api/internal/artifacts/transform/CacheableInvocation;> (0x00000000ddb9d698) thrown at [C:\src\AOSP-openjdk-git
Event: 21.236 Thread 0x000000001c09c000 Exception <a 'java/lang/NoSuchMethodError': java.lang.Object.lambda$flatMap$4(Ljava/util/function/Function;)Lorg/gradle/api/internal/artifacts/transform/CacheableInvocation;> (0x00000000dd9fbe60) thrown at [C:\src\AOSP-openjdk-git\hotspot\src\share\vm\int
Event: 21.236 Thread 0x000000001c09c000 Exception <a 'java/lang/NoSuchMethodError': java.lang.Object.lambda$flatMap$3(Ljava/util/function/Function;)Lorg/gradle/internal/Try;> (0x00000000dda00d20) thrown at [C:\src\AOSP-openjdk-git\hotspot\src\share\vm\interpreter\linkResolver.cpp, line 620]
Event: 21.236 Thread 0x000000001c09d800 Exception <a 'java/lang/NoSuchMethodError': java.lang.Object.lambda$flatMap$3(Ljava/util/function/Function;)Lorg/gradle/internal/Try;> (0x00000000ddba4660) thrown at [C:\src\AOSP-openjdk-git\hotspot\src\share\vm\interpreter\linkResolver.cpp, line 620]
Event: 21.329 Thread 0x000000001c09d800 Exception <a 'java/lang/NoSuchMethodError': java.lang.Object.lambda$flatMap$2(Ljava/util/function/Function;Ljava/lang/Object;)Lorg/gradle/internal/Try;> (0x00000000de3a2d28) thrown at [C:\src\AOSP-openjdk-git\hotspot\src\share\vm\interpreter\linkResolver.
Event: 21.329 Thread 0x000000001e5a3800 Exception <a 'java/lang/NoSuchMethodError': java.lang.Object.lambda$flatMap$2(Ljava/util/function/Function;Ljava/lang/Object;)Lorg/gradle/internal/Try;> (0x00000000de413dc0) thrown at [C:\src\AOSP-openjdk-git\hotspot\src\share\vm\interpreter\linkResolver.
Event: 22.135 Thread 0x000000001e5a3800 Exception <a 'java/lang/NoSuchMethodError': java.lang.Object.lambda$flatMap$0(Ljava/lang/Throwable;)Lorg/gradle/api/internal/artifacts/transform/CacheableInvocation;> (0x00000000e02e0770) thrown at [C:\src\AOSP-openjdk-git\hotspot\src\share\vm\interpreter
Event: 22.223 Thread 0x000000001e5a3800 Exception <a 'java/lang/NoSuchMethodError': <clinit>> (0x00000000e056fbf8) thrown at [C:\src\AOSP-openjdk-git\hotspot\src\share\vm\prims\jni.cpp, line 1615]
Event: 22.224 Thread 0x000000001e5a3800 Exception <a 'java/lang/NoSuchMethodError': <clinit>> (0x00000000e057f370) thrown at [C:\src\AOSP-openjdk-git\hotspot\src\share\vm\prims\jni.cpp, line 1615]

Events (10 events):
Event: 22.505 Executing VM operation: RevokeBias
Event: 22.506 Executing VM operation: RevokeBias done
Event: 22.506 Thread 0x000000001c04b800 DEOPT PACKING pc=0x00000000031ceab0 sp=0x000000002c8cc6d0
Event: 22.506 Thread 0x000000001c04b800 DEOPT UNPACKING pc=0x0000000002f6557b sp=0x000000002c8cc618 mode 2
Event: 22.511 loading class org/gradle/api/internal/provider/AbstractCollectionProperty$FixedSupplier
Event: 22.511 loading class org/gradle/api/internal/provider/AbstractCollectionProperty$FixedSupplier done
Event: 22.512 loading class org/gradle/internal/snapshot/UnknownSnapshot
Event: 22.512 loading class org/gradle/internal/snapshot/UnknownSnapshot done
Event: 22.514 loading class org/gradle/internal/fingerprint/impl/RelativePathFingerprintingStrategy$1
Event: 22.514 loading class org/gradle/internal/fingerprint/impl/RelativePathFingerprintingStrategy$1 done


Dynamic libraries:
0x00007ff6e2690000 - 0x00007ff6e26c1000 	C:\Program Files\Android\Android Studio\jre\bin\java.exe
0x00007ffb50c70000 - 0x00007ffb50e5d000 	C:\WINDOWS\SYSTEM32\ntdll.dll
0x00007ffb50960000 - 0x00007ffb50a13000 	C:\WINDOWS\System32\KERNEL32.DLL
0x00007ffb4d020000 - 0x00007ffb4d2b5000 	C:\WINDOWS\System32\KERNELBASE.dll
0x00007ffb508b0000 - 0x00007ffb50953000 	C:\WINDOWS\System32\ADVAPI32.dll
0x00007ffb4edf0000 - 0x00007ffb4ee8e000 	C:\WINDOWS\System32\msvcrt.dll
0x00007ffb50530000 - 0x00007ffb505ce000 	C:\WINDOWS\System32\sechost.dll
0x00007ffb4eb60000 - 0x00007ffb4ec82000 	C:\WINDOWS\System32\RPCRT4.dll
0x00007ffb50390000 - 0x00007ffb50527000 	C:\WINDOWS\System32\USER32.dll
0x00007ffb4dc40000 - 0x00007ffb4dc60000 	C:\WINDOWS\System32\win32u.dll
0x00007ffb4eb30000 - 0x00007ffb4eb59000 	C:\WINDOWS\System32\GDI32.dll
0x00007ffb4ce80000 - 0x00007ffb4d01c000 	C:\WINDOWS\System32\gdi32full.dll
0x00007ffb4d340000 - 0x00007ffb4d3e0000 	C:\WINDOWS\System32\msvcp_win.dll
0x00007ffb4cd80000 - 0x00007ffb4ce7a000 	C:\WINDOWS\System32\ucrtbase.dll
0x00007ffb3de80000 - 0x00007ffb3e0f9000 	C:\WINDOWS\WinSxS\amd64_microsoft.windows.common-controls_6595b64144ccf1df_6.0.17763.1518_none_de6e2bd0534e2567\COMCTL32.dll
0x00007ffb4df20000 - 0x00007ffb4e24d000 	C:\WINDOWS\System32\combase.dll
0x00007ffb4d2c0000 - 0x00007ffb4d33e000 	C:\WINDOWS\System32\bcryptPrimitives.dll
0x00007ffb4def0000 - 0x00007ffb4df1e000 	C:\WINDOWS\System32\IMM32.DLL
0x000000006ac70000 - 0x000000006ad42000 	C:\Program Files\Android\Android Studio\jre\jre\bin\msvcr100.dll
0x000000006ae30000 - 0x000000006b67b000 	C:\Program Files\Android\Android Studio\jre\jre\bin\server\jvm.dll
0x00007ffb4eab0000 - 0x00007ffb4eab8000 	C:\WINDOWS\System32\PSAPI.DLL
0x00007ffb49660000 - 0x00007ffb49669000 	C:\WINDOWS\SYSTEM32\WSOCK32.dll
0x00007ffb4eac0000 - 0x00007ffb4eb2d000 	C:\WINDOWS\System32\WS2_32.dll
0x00007ffb45b10000 - 0x00007ffb45b34000 	C:\WINDOWS\SYSTEM32\WINMM.dll
0x00007ffb3b9b0000 - 0x00007ffb3b9ba000 	C:\WINDOWS\SYSTEM32\VERSION.dll
0x00007ffb44970000 - 0x00007ffb4499d000 	C:\WINDOWS\SYSTEM32\WINMMBASE.dll
0x00007ffb4de40000 - 0x00007ffb4de8a000 	C:\WINDOWS\System32\cfgmgr32.dll
0x00007ffb49650000 - 0x00007ffb4965f000 	C:\Program Files\Android\Android Studio\jre\jre\bin\verify.dll
0x00007ffb46520000 - 0x00007ffb46549000 	C:\Program Files\Android\Android Studio\jre\jre\bin\java.dll
0x00007ffb495e0000 - 0x00007ffb495f6000 	C:\Program Files\Android\Android Studio\jre\jre\bin\zip.dll
0x00007ffb4ee90000 - 0x00007ffb50389000 	C:\WINDOWS\System32\SHELL32.dll
0x00007ffb50780000 - 0x00007ffb50828000 	C:\WINDOWS\System32\shcore.dll
0x00007ffb4d4e0000 - 0x00007ffb4dc32000 	C:\WINDOWS\System32\windows.storage.dll
0x00007ffb4ccd0000 - 0x00007ffb4ccf4000 	C:\WINDOWS\System32\profapi.dll
0x00007ffb4cd20000 - 0x00007ffb4cd7d000 	C:\WINDOWS\System32\powrprof.dll
0x00007ffb4e800000 - 0x00007ffb4e852000 	C:\WINDOWS\System32\shlwapi.dll
0x00007ffb4ccb0000 - 0x00007ffb4ccc1000 	C:\WINDOWS\System32\kernel.appcore.dll
0x00007ffb4d4c0000 - 0x00007ffb4d4d7000 	C:\WINDOWS\System32\cryptsp.dll
0x00007ffb49580000 - 0x00007ffb4959a000 	C:\Program Files\Android\Android Studio\jre\jre\bin\net.dll
0x00007ffb4c520000 - 0x00007ffb4c587000 	C:\WINDOWS\system32\mswsock.dll
0x00007ffb47630000 - 0x00007ffb47643000 	C:\Program Files\Android\Android Studio\jre\jre\bin\nio.dll
0x00007ffb3d610000 - 0x00007ffb3d637000 	C:\Users\BENY PRASETYO\.gradle\native\f6784746aeab05261644944871eae4fe03e0ef1612fff0a4a95f87b438bc6780\windows-amd64\native-platform.dll
0x00007ffb47ad0000 - 0x00007ffb47add000 	C:\Program Files\Android\Android Studio\jre\jre\bin\management.dll
0x00007ffb4c0a0000 - 0x00007ffb4c0d3000 	C:\WINDOWS\system32\rsaenh.dll
0x00007ffb4d490000 - 0x00007ffb4d4b6000 	C:\WINDOWS\System32\bcrypt.dll
0x00007ffb4cbe0000 - 0x00007ffb4cc09000 	C:\WINDOWS\SYSTEM32\USERENV.dll
0x00007ffb4c6f0000 - 0x00007ffb4c6fc000 	C:\WINDOWS\SYSTEM32\CRYPTBASE.dll
0x00007ffb4c240000 - 0x00007ffb4c27d000 	C:\WINDOWS\SYSTEM32\IPHLPAPI.DLL
0x00007ffb50ae0000 - 0x00007ffb50ae8000 	C:\WINDOWS\System32\NSI.dll
0x00007ffb45b60000 - 0x00007ffb45b76000 	C:\WINDOWS\SYSTEM32\dhcpcsvc6.DLL
0x00007ffb45cd0000 - 0x00007ffb45cec000 	C:\WINDOWS\SYSTEM32\dhcpcsvc.DLL
0x00007ffb4c2d0000 - 0x00007ffb4c397000 	C:\WINDOWS\SYSTEM32\DNSAPI.dll
0x00007ffb47a80000 - 0x00007ffb47a8b000 	C:\WINDOWS\SYSTEM32\WINNSI.DLL

VM Arguments:
jvm_args: -Xmx2048m -Dfile.encoding=UTF-8 -Duser.country=US -Duser.language=en -Duser.variant 
java_command: org.gradle.launcher.daemon.bootstrap.GradleDaemon 6.5
java_class_path (initial): C:\Users\BENY PRASETYO\.gradle\wrapper\dists\gradle-6.5-bin\6nifqtx7604sqp1q6g8wikw7p\gradle-6.5\lib\gradle-launcher-6.5.jar
Launcher Type: SUN_STANDARD

Environment Variables:
PATH=C:\WINDOWS\system32;C:\WINDOWS;C:\WINDOWS\System32\Wbem;C:\WINDOWS\System32\WindowsPowerShell\v1.0\;C:\WINDOWS\System32\OpenSSH\;C:\MinGW\bin;C:\Program Files\Git\cmd;C:\Program Files\Git\mingw64\bin;C:\Program Files\Git\usr\bin;C:\Users\BENY PRASETYO\AppData\Local\Microsoft\WindowsApps;;C:\Users\BENY PRASETYO\AppData\Local\Programs\Microsoft VS Code\bin
USERNAME=BENY PRASETYO
OS=Windows_NT
PROCESSOR_IDENTIFIER=Intel64 Family 6 Model 69 Stepping 1, GenuineIntel



---------------  S Y S T E M  ---------------

OS: Windows 10.0 , 64 bit Build 17763 (10.0.17763.475)

CPU:total 4 (initial active 4) (2 cores per cpu, 2 threads per core) family 6 model 69 stepping 1, cmov, cx8, fxsr, mmx, sse, sse2, sse3, ssse3, sse4.1, sse4.2, popcnt, avx, avx2, aes, clmul, erms, lzcnt, ht, tsc, tscinvbit, bmi1, bmi2

Memory: 4k page, physical 8291772k(403368k free), swap 23739356k(9280k free)

vm_info: OpenJDK 64-Bit Server VM (25.242-b01) for windows-amd64 JRE (1.8.0_242-release-1644-b01), built by "builder" with MS VC++ 10.0 (VS2010)

time: Mon Jan 18 19:45:47 2021
timezone: SE Asia Standard Time
elapsed time: 22 seconds (0d 0h 0m 22s)

