#
# There is insufficient memory for the Java Runtime Environment to continue.
# Native memory allocation (malloc) failed to allocate 889216 bytes for Chunk::new
# Possible reasons:
#   The system is out of physical RAM or swap space
#   The process is running with CompressedOops enabled, and the Java Heap may be blocking the growth of the native heap
# Possible solutions:
#   Reduce memory load on the system
#   Increase physical memory or swap space
#   Check if swap backing store is full
#   Decrease Java heap size (-Xmx/-Xms)
#   Decrease number of Java threads
#   Decrease Java thread stack sizes (-Xss)
#   Set larger code cache with -XX:ReservedCodeCacheSize=
#   JVM is running with Unscaled Compressed Oops mode in which the Java heap is
#     placed in the first 4GB address space. The Java Heap base address is the
#     maximum limit for the native heap growth. Please use -XX:HeapBaseMinAddress
#     to set the Java Heap base and to place the Java Heap above 4GB virtual address.
# This output file may be truncated or incomplete.
#
#  Out of Memory Error (allocation.cpp:389), pid=10228, tid=0x0000000000001c4c
#
# JRE version: OpenJDK Runtime Environment (8.0_242-b01) (build 1.8.0_242-release-1644-b01)
# Java VM: OpenJDK 64-Bit Server VM (25.242-b01 mixed mode windows-amd64 compressed oops)
# Failed to write core dump. Minidumps are not enabled by default on client versions of Windows
#

---------------  T H R E A D  ---------------

Current thread (0x0000000017723800):  JavaThread "C2 CompilerThread1" daemon [_thread_in_native, id=7244, stack(0x0000000018e80000,0x0000000018f80000)]

Stack: [0x0000000018e80000,0x0000000018f80000]
[error occurred during error reporting (printing stack bounds), id 0xc0000005]

Native frames: (J=compiled Java code, j=interpreted, Vv=VM code, C=native code)


Current CompileTask:
C2:  18470 7609       4       org.gradle.internal.snapshot.SnapshotUtil::getSnapshotFromChild (41 bytes)


---------------  P R O C E S S  ---------------

Java Threads: ( => current thread )
  0x0000000019d58000 JavaThread "WorkerExecutor Queue" [_thread_blocked, id=16996, stack(0x000000002bc40000,0x000000002bd40000)]
  0x0000000019d5a800 JavaThread "Cache worker for execution history cache (C:\Users\BENY PRASETYO\AndroidStudioProjects\GitHub\.gradle\6.5\executionHistory)" [_thread_in_native, id=16708, stack(0x000000002b740000,0x000000002b840000)]
  0x0000000019d59000 JavaThread "Execution worker for ':' Thread 3" [_thread_blocked, id=14160, stack(0x000000002b640000,0x000000002b740000)]
  0x0000000019d5b000 JavaThread "Execution worker for ':' Thread 2" [_thread_blocked, id=4372, stack(0x000000002b540000,0x000000002b640000)]
  0x0000000019d56800 JavaThread "Execution worker for ':'" [_thread_blocked, id=11312, stack(0x000000002b1f0000,0x000000002b2f0000)]
  0x0000000020c03800 JavaThread "Cache worker for file content cache (C:\Users\BENY PRASETYO\AndroidStudioProjects\GitHub\.gradle\6.5\fileContent)" [_thread_blocked, id=16852, stack(0x000000002aef0000,0x000000002aff0000)]
  0x0000000020c02000 JavaThread "Memory manager" [_thread_blocked, id=17256, stack(0x000000002adf0000,0x000000002aef0000)]
  0x0000000020c03000 JavaThread "Cache worker for Build Output Cleanup Cache (C:\Users\BENY PRASETYO\AndroidStudioProjects\GitHub\.gradle\buildOutputCleanup)" [_thread_blocked, id=5816, stack(0x0000000029a20000,0x0000000029b20000)]
  0x0000000020bfa800 JavaThread "jar transforms Thread 114" [_thread_blocked, id=17052, stack(0x0000000029720000,0x0000000029820000)]
  0x0000000020c01800 JavaThread "jar transforms Thread 113" [_thread_blocked, id=5644, stack(0x0000000029620000,0x0000000029720000)]
  0x0000000020c00800 JavaThread "jar transforms Thread 112" [_thread_blocked, id=2612, stack(0x0000000029520000,0x0000000029620000)]
  0x0000000020c00000 JavaThread "jar transforms Thread 111" [_thread_blocked, id=7376, stack(0x0000000029420000,0x0000000029520000)]
  0x0000000020bff000 JavaThread "jar transforms Thread 110" [_thread_blocked, id=16388, stack(0x0000000029320000,0x0000000029420000)]
  0x0000000020bfd800 JavaThread "jar transforms Thread 109" [_thread_blocked, id=16768, stack(0x0000000029220000,0x0000000029320000)]
  0x0000000020bfe800 JavaThread "jar transforms Thread 108" [_thread_blocked, id=756, stack(0x0000000029120000,0x0000000029220000)]
  0x0000000020bfc000 JavaThread "jar transforms Thread 107" [_thread_blocked, id=11700, stack(0x0000000029020000,0x0000000029120000)]
  0x0000000020bfd000 JavaThread "jar transforms Thread 106" [_thread_blocked, id=14780, stack(0x0000000028f20000,0x0000000029020000)]
  0x0000000020bf5800 JavaThread "jar transforms Thread 105" [_thread_blocked, id=12032, stack(0x0000000028e20000,0x0000000028f20000)]
  0x0000000020bfa000 JavaThread "jar transforms Thread 104" [_thread_blocked, id=11416, stack(0x0000000028d20000,0x0000000028e20000)]
  0x0000000020bf8800 JavaThread "jar transforms Thread 103" [_thread_blocked, id=11520, stack(0x0000000028c20000,0x0000000028d20000)]
  0x0000000020bf7000 JavaThread "jar transforms Thread 102" [_thread_blocked, id=8132, stack(0x0000000028b20000,0x0000000028c20000)]
  0x0000000020bf7800 JavaThread "jar transforms Thread 101" [_thread_blocked, id=17112, stack(0x0000000028a20000,0x0000000028b20000)]
  0x0000000020bf9000 JavaThread "jar transforms Thread 100" [_thread_blocked, id=17396, stack(0x0000000028920000,0x0000000028a20000)]
  0x0000000020bf4800 JavaThread "jar transforms Thread 99" [_thread_blocked, id=4556, stack(0x0000000028820000,0x0000000028920000)]
  0x0000000020bf6000 JavaThread "jar transforms Thread 98" [_thread_blocked, id=14132, stack(0x0000000028720000,0x0000000028820000)]
  0x0000000020bfb800 JavaThread "jar transforms Thread 97" [_thread_blocked, id=2808, stack(0x0000000028620000,0x0000000028720000)]
  0x0000000020b34800 JavaThread "jar transforms Thread 96" [_thread_blocked, id=16948, stack(0x0000000028520000,0x0000000028620000)]
  0x0000000020b3b800 JavaThread "jar transforms Thread 95" [_thread_blocked, id=16756, stack(0x0000000028420000,0x0000000028520000)]
  0x0000000020b3a800 JavaThread "jar transforms Thread 94" [_thread_blocked, id=10232, stack(0x0000000028320000,0x0000000028420000)]
  0x0000000020b3a000 JavaThread "jar transforms Thread 93" [_thread_blocked, id=9804, stack(0x0000000028220000,0x0000000028320000)]
  0x0000000020b39000 JavaThread "jar transforms Thread 92" [_thread_blocked, id=7848, stack(0x0000000028120000,0x0000000028220000)]
  0x0000000020b37800 JavaThread "jar transforms Thread 91" [_thread_blocked, id=14128, stack(0x0000000028020000,0x0000000028120000)]
  0x0000000020b36000 JavaThread "jar transforms Thread 90" [_thread_blocked, id=10204, stack(0x0000000027f20000,0x0000000028020000)]
  0x0000000020b38800 JavaThread "jar transforms Thread 89" [_thread_blocked, id=17404, stack(0x0000000027e20000,0x0000000027f20000)]
  0x0000000020b35800 JavaThread "jar transforms Thread 88" [_thread_blocked, id=8212, stack(0x0000000027d20000,0x0000000027e20000)]
  0x0000000020b37000 JavaThread "jar transforms Thread 87" [_thread_blocked, id=11780, stack(0x0000000027c20000,0x0000000027d20000)]
  0x0000000020b34000 JavaThread "jar transforms Thread 86" [_thread_blocked, id=2252, stack(0x0000000027b20000,0x0000000027c20000)]
  0x0000000020b2c800 JavaThread "jar transforms Thread 85" [_thread_blocked, id=17044, stack(0x0000000027a20000,0x0000000027b20000)]
  0x0000000020b33000 JavaThread "jar transforms Thread 84" [_thread_blocked, id=3108, stack(0x0000000027920000,0x0000000027a20000)]
  0x0000000020b30000 JavaThread "jar transforms Thread 83" [_thread_blocked, id=3268, stack(0x0000000027820000,0x0000000027920000)]
  0x0000000020b2e800 JavaThread "jar transforms Thread 82" [_thread_blocked, id=15436, stack(0x0000000027720000,0x0000000027820000)]
  0x0000000020b31000 JavaThread "jar transforms Thread 81" [_thread_blocked, id=3120, stack(0x0000000027620000,0x0000000027720000)]
  0x0000000020b31800 JavaThread "jar transforms Thread 80" [_thread_blocked, id=12716, stack(0x0000000027520000,0x0000000027620000)]
  0x0000000020b2d000 JavaThread "jar transforms Thread 79" [_thread_blocked, id=17352, stack(0x0000000027420000,0x0000000027520000)]
  0x0000000020b2f800 JavaThread "jar transforms Thread 78" [_thread_blocked, id=2424, stack(0x0000000027320000,0x0000000027420000)]
  0x0000000020b32800 JavaThread "jar transforms Thread 77" [_thread_blocked, id=10824, stack(0x0000000027220000,0x0000000027320000)]
  0x0000000020b2e000 JavaThread "jar transforms Thread 76" [_thread_blocked, id=15732, stack(0x0000000027120000,0x0000000027220000)]
  0x000000001e9e3000 JavaThread "jar transforms Thread 75" [_thread_blocked, id=8736, stack(0x0000000027020000,0x0000000027120000)]
  0x000000001e9e1800 JavaThread "jar transforms Thread 74" [_thread_blocked, id=5040, stack(0x0000000026f20000,0x0000000027020000)]
  0x000000001e9e7800 JavaThread "jar transforms Thread 73" [_thread_blocked, id=4232, stack(0x0000000026e20000,0x0000000026f20000)]
  0x000000001e9e2000 JavaThread "jar transforms Thread 72" [_thread_blocked, id=4716, stack(0x0000000026d20000,0x0000000026e20000)]
  0x000000001e9e6000 JavaThread "jar transforms Thread 71" [_thread_blocked, id=4564, stack(0x0000000026c20000,0x0000000026d20000)]
  0x000000001e9e0800 JavaThread "jar transforms Thread 70" [_thread_blocked, id=15928, stack(0x0000000026b20000,0x0000000026c20000)]
  0x000000001e9e6800 JavaThread "jar transforms Thread 69" [_thread_blocked, id=17212, stack(0x0000000026a20000,0x0000000026b20000)]
  0x000000001e9e5000 JavaThread "jar transforms Thread 68" [_thread_blocked, id=16444, stack(0x0000000026920000,0x0000000026a20000)]
  0x000000001e9e0000 JavaThread "jar transforms Thread 67" [_thread_blocked, id=388, stack(0x0000000026820000,0x0000000026920000)]
  0x000000001e9e4800 JavaThread "jar transforms Thread 66" [_thread_blocked, id=9332, stack(0x0000000026720000,0x0000000026820000)]
  0x000000001e9e3800 JavaThread "jar transforms Thread 65" [_thread_blocked, id=16408, stack(0x0000000026620000,0x0000000026720000)]
  0x000000001e9d8000 JavaThread "jar transforms Thread 64" [_thread_blocked, id=12048, stack(0x0000000026520000,0x0000000026620000)]
  0x000000001e9dd000 JavaThread "jar transforms Thread 63" [_thread_blocked, id=6520, stack(0x0000000026420000,0x0000000026520000)]
  0x000000001e9dc000 JavaThread "jar transforms Thread 62" [_thread_blocked, id=5684, stack(0x0000000026320000,0x0000000026420000)]
  0x000000001e9d9000 JavaThread "jar transforms Thread 61" [_thread_blocked, id=5736, stack(0x0000000026220000,0x0000000026320000)]
  0x000000001e9dd800 JavaThread "jar transforms Thread 60" [_thread_blocked, id=16936, stack(0x0000000026120000,0x0000000026220000)]
  0x000000001e9df000 JavaThread "jar transforms Thread 59" [_thread_blocked, id=17292, stack(0x0000000026020000,0x0000000026120000)]
  0x000000001e9da000 JavaThread "jar transforms Thread 58" [_thread_blocked, id=1196, stack(0x0000000025f20000,0x0000000026020000)]
  0x000000001e9da800 JavaThread "jar transforms Thread 57" [_thread_blocked, id=16712, stack(0x0000000025e20000,0x0000000025f20000)]
  0x000000001e9de800 JavaThread "jar transforms Thread 56" [_thread_blocked, id=16120, stack(0x0000000025d20000,0x0000000025e20000)]
  0x000000001e9db800 JavaThread "jar transforms Thread 55" [_thread_blocked, id=6588, stack(0x0000000025c20000,0x0000000025d20000)]
  0x000000001bcff000 JavaThread "jar transforms Thread 54" [_thread_blocked, id=15940, stack(0x0000000025b20000,0x0000000025c20000)]
  0x000000001bcfe800 JavaThread "jar transforms Thread 53" [_thread_blocked, id=11188, stack(0x0000000025a20000,0x0000000025b20000)]
  0x000000001bcfd800 JavaThread "jar transforms Thread 52" [_thread_blocked, id=17344, stack(0x0000000025920000,0x0000000025a20000)]
  0x000000001bd01800 JavaThread "jar transforms Thread 51" [_thread_blocked, id=16648, stack(0x0000000025820000,0x0000000025920000)]
  0x000000001bcfd000 JavaThread "jar transforms Thread 50" [_thread_blocked, id=14200, stack(0x0000000025720000,0x0000000025820000)]
  0x000000001bcf9800 JavaThread "jar transforms Thread 49" [_thread_blocked, id=3424, stack(0x0000000025620000,0x0000000025720000)]
  0x000000001bd00800 JavaThread "jar transforms Thread 48" [_thread_blocked, id=832, stack(0x0000000025520000,0x0000000025620000)]
  0x000000001bcfc000 JavaThread "jar transforms Thread 47" [_thread_blocked, id=2196, stack(0x0000000025420000,0x0000000025520000)]
  0x000000001bcfb800 JavaThread "jar transforms Thread 46" [_thread_blocked, id=11204, stack(0x0000000025320000,0x0000000025420000)]
  0x000000001bd00000 JavaThread "jar transforms Thread 45" [_thread_blocked, id=16808, stack(0x0000000025220000,0x0000000025320000)]
  0x000000001bcf3800 JavaThread "jar transforms Thread 44" [_thread_blocked, id=13488, stack(0x0000000025120000,0x0000000025220000)]
  0x000000001bcf5000 JavaThread "jar transforms Thread 43" [_thread_blocked, id=17148, stack(0x0000000025020000,0x0000000025120000)]
  0x000000001bcf9000 JavaThread "jar transforms Thread 42" [_thread_blocked, id=15276, stack(0x0000000024f20000,0x0000000025020000)]
  0x000000001bcfa800 JavaThread "jar transforms Thread 41" [_thread_blocked, id=15540, stack(0x0000000024e20000,0x0000000024f20000)]
  0x000000001bcf2000 JavaThread "jar transforms Thread 40" [_thread_blocked, id=15492, stack(0x0000000024d20000,0x0000000024e20000)]
  0x000000001bcf4800 JavaThread "jar transforms Thread 39" [_thread_blocked, id=4912, stack(0x0000000024c20000,0x0000000024d20000)]
  0x000000001bcf8000 JavaThread "jar transforms Thread 38" [_thread_blocked, id=7200, stack(0x0000000024b20000,0x0000000024c20000)]
  0x000000001bcf7800 JavaThread "jar transforms Thread 37" [_thread_blocked, id=4188, stack(0x0000000024a20000,0x0000000024b20000)]
  0x000000001bcf6800 JavaThread "jar transforms Thread 36" [_thread_blocked, id=16324, stack(0x0000000024920000,0x0000000024a20000)]
  0x000000001bcf6000 JavaThread "jar transforms Thread 35" [_thread_blocked, id=2688, stack(0x0000000024820000,0x0000000024920000)]
  0x000000001bcf3000 JavaThread "jar transforms Thread 34" [_thread_blocked, id=16436, stack(0x0000000024720000,0x0000000024820000)]
  0x000000001ecef000 JavaThread "jar transforms Thread 33" [_thread_blocked, id=17108, stack(0x0000000024620000,0x0000000024720000)]
  0x000000001ecee800 JavaThread "jar transforms Thread 32" [_thread_blocked, id=17084, stack(0x0000000024520000,0x0000000024620000)]
  0x000000001eced800 JavaThread "jar transforms Thread 31" [_thread_blocked, id=17188, stack(0x0000000024420000,0x0000000024520000)]
  0x000000001ecea800 JavaThread "jar transforms Thread 30" [_thread_blocked, id=1392, stack(0x0000000024320000,0x0000000024420000)]
  0x000000001ece9000 JavaThread "jar transforms Thread 29" [_thread_blocked, id=17056, stack(0x0000000024220000,0x0000000024320000)]
  0x000000001ecec000 JavaThread "jar transforms Thread 28" [_thread_blocked, id=3132, stack(0x0000000024120000,0x0000000024220000)]
  0x000000001ecea000 JavaThread "jar transforms Thread 27" [_thread_blocked, id=16568, stack(0x0000000024020000,0x0000000024120000)]
  0x000000001eceb800 JavaThread "jar transforms Thread 26" [_thread_blocked, id=16208, stack(0x0000000023f20000,0x0000000024020000)]
  0x000000001eced000 JavaThread "jar transforms Thread 25" [_thread_blocked, id=16932, stack(0x0000000023e20000,0x0000000023f20000)]
  0x000000001ece1800 JavaThread "jar transforms Thread 24" [_thread_blocked, id=16672, stack(0x0000000023d20000,0x0000000023e20000)]
  0x000000001ece8800 JavaThread "jar transforms Thread 23" [_thread_blocked, id=17144, stack(0x0000000023c20000,0x0000000023d20000)]
  0x000000001ece2800 JavaThread "jar transforms Thread 22" [_thread_blocked, id=9628, stack(0x0000000023b20000,0x0000000023c20000)]
  0x000000001ece3000 JavaThread "jar transforms Thread 21" [_thread_blocked, id=13884, stack(0x0000000023a20000,0x0000000023b20000)]
  0x000000001ece1000 JavaThread "jar transforms Thread 20" [_thread_blocked, id=17180, stack(0x0000000023920000,0x0000000023a20000)]
  0x000000001ece7800 JavaThread "jar transforms Thread 19" [_thread_blocked, id=17220, stack(0x0000000023820000,0x0000000023920000)]
  0x000000001ece0000 JavaThread "jar transforms Thread 18" [_thread_blocked, id=2692, stack(0x0000000023720000,0x0000000023820000)]
  0x000000001ece7000 JavaThread "jar transforms Thread 17" [_thread_blocked, id=15388, stack(0x0000000023620000,0x0000000023720000)]
  0x000000001ece5800 JavaThread "jar transforms Thread 16" [_thread_blocked, id=11956, stack(0x0000000023520000,0x0000000023620000)]
  0x000000001ece6000 JavaThread "jar transforms Thread 15" [_thread_blocked, id=8636, stack(0x0000000023420000,0x0000000023520000)]
  0x000000001ece4800 JavaThread "jar transforms Thread 14" [_thread_blocked, id=11080, stack(0x0000000023320000,0x0000000023420000)]
  0x000000001ece4000 JavaThread "jar transforms Thread 13" [_thread_blocked, id=1292, stack(0x0000000023220000,0x0000000023320000)]
  0x00000000193d6000 JavaThread "jar transforms Thread 12" [_thread_blocked, id=17312, stack(0x0000000023120000,0x0000000023220000)]
  0x00000000193d5800 JavaThread "jar transforms Thread 11" [_thread_blocked, id=16820, stack(0x0000000023020000,0x0000000023120000)]
  0x00000000193d4800 JavaThread "jar transforms Thread 10" [_thread_blocked, id=12200, stack(0x0000000022f20000,0x0000000023020000)]
  0x00000000193da000 JavaThread "jar transforms Thread 9" [_thread_blocked, id=8444, stack(0x0000000022e20000,0x0000000022f20000)]
  0x00000000193d4000 JavaThread "jar transforms Thread 8" [_thread_blocked, id=16884, stack(0x0000000022d20000,0x0000000022e20000)]
  0x00000000193d8800 JavaThread "jar transforms Thread 7" [_thread_blocked, id=16848, stack(0x0000000022c20000,0x0000000022d20000)]
  0x00000000193d9000 JavaThread "jar transforms Thread 6" [_thread_blocked, id=16628, stack(0x0000000022b20000,0x0000000022c20000)]
  0x00000000193d7800 JavaThread "jar transforms Thread 5" [_thread_blocked, id=17040, stack(0x0000000022a20000,0x0000000022b20000)]
  0x00000000193d7000 JavaThread "jar transforms Thread 4" [_thread_blocked, id=15260, stack(0x0000000022920000,0x0000000022a20000)]
  0x00000000193d3000 JavaThread "jar transforms Thread 3" [_thread_blocked, id=16716, stack(0x0000000022820000,0x0000000022920000)]
  0x00000000193cb800 JavaThread "jar transforms Thread 2" [_thread_blocked, id=15208, stack(0x0000000022720000,0x0000000022820000)]
  0x00000000193d2800 JavaThread "Build operations Thread 4" [_thread_blocked, id=17272, stack(0x0000000022620000,0x0000000022720000)]
  0x00000000193cb000 JavaThread "Build operations Thread 3" [_thread_blocked, id=11936, stack(0x0000000022520000,0x0000000022620000)]
  0x00000000193d1800 JavaThread "Build operations Thread 2" [_thread_blocked, id=14600, stack(0x0000000022420000,0x0000000022520000)]
  0x00000000193d1000 JavaThread "Build operations" [_thread_blocked, id=2176, stack(0x0000000022320000,0x0000000022420000)]
  0x000000001b4ba000 JavaThread "Cache worker for file content cache (C:\Users\BENY PRASETYO\.gradle\caches\6.5\fileContent)" [_thread_blocked, id=16696, stack(0x0000000021c20000,0x0000000021d20000)]
  0x000000001b4b9000 JavaThread "jar transforms" [_thread_blocked, id=1996, stack(0x0000000021b20000,0x0000000021c20000)]
  0x000000001b4b8800 JavaThread "Cache worker for execution history cache (C:\Users\BENY PRASETYO\.gradle\caches\6.5\executionHistory)" [_thread_blocked, id=2240, stack(0x0000000021820000,0x0000000021920000)]
  0x000000001b4ba800 JavaThread "Cache worker for cache directory md-rule (C:\Users\BENY PRASETYO\.gradle\caches\6.5\md-rule)" [_thread_blocked, id=12776, stack(0x0000000021720000,0x0000000021820000)]
  0x000000001b4b7000 JavaThread "Cache worker for cache directory md-supplier (C:\Users\BENY PRASETYO\.gradle\caches\6.5\md-supplier)" [_thread_blocked, id=9384, stack(0x0000000021620000,0x0000000021720000)]
  0x000000001b4b6000 JavaThread "Cache worker for checksums cache (C:\Users\BENY PRASETYO\AndroidStudioProjects\GitHub\.gradle\checksums)" [_thread_blocked, id=17284, stack(0x0000000021520000,0x0000000021620000)]
  0x000000001b4bb800 JavaThread "Cache worker for file hash cache (C:\Users\BENY PRASETYO\AndroidStudioProjects\GitHub\.gradle\6.5\fileHashes)" [_thread_blocked, id=2040, stack(0x0000000021420000,0x0000000021520000)]
  0x000000001b4bd000 JavaThread "Cache worker for file hash cache (C:\Users\BENY PRASETYO\.gradle\caches\6.5\fileHashes)" [_thread_blocked, id=16320, stack(0x000000001d6a0000,0x000000001d7a0000)]
  0x000000001b4bc000 JavaThread "File lock request listener" [_thread_in_native, id=16160, stack(0x000000001d5a0000,0x000000001d6a0000)]
  0x000000001b2ec000 JavaThread "Cache worker for journal cache (C:\Users\BENY PRASETYO\.gradle\caches\journal-1)" [_thread_blocked, id=9108, stack(0x000000001d4a0000,0x000000001d5a0000)]
  0x000000001af99000 JavaThread "Thread-9" [_thread_blocked, id=11428, stack(0x000000001d1a0000,0x000000001d2a0000)]
  0x000000001af93000 JavaThread "Stdin handler" [_thread_blocked, id=5060, stack(0x000000001d0a0000,0x000000001d1a0000)]
  0x000000001af90000 JavaThread "Asynchronous log dispatcher for DefaultDaemonConnection: socket connection from /127.0.0.1:54818 to /127.0.0.1:54819" [_thread_blocked, id=17020, stack(0x000000001cfa0000,0x000000001d0a0000)]
  0x000000001af8b000 JavaThread "Daemon worker" [_thread_blocked, id=17360, stack(0x000000001cea0000,0x000000001cfa0000)]
  0x000000001af86800 JavaThread "Cancel handler" [_thread_blocked, id=17132, stack(0x000000001cda0000,0x000000001cea0000)]
  0x000000001af6b800 JavaThread "Handler for socket connection from /127.0.0.1:54818 to /127.0.0.1:54819" [_thread_in_native, id=16660, stack(0x000000001cca0000,0x000000001cda0000)]
  0x000000001b0cc000 JavaThread "Daemon" [_thread_blocked, id=17328, stack(0x000000001cba0000,0x000000001cca0000)]
  0x000000001b0da800 JavaThread "Daemon periodic checks" [_thread_blocked, id=16176, stack(0x000000001c8a0000,0x000000001c9a0000)]
  0x000000001b035000 JavaThread "Incoming local TCP Connector on port 54818" [_thread_in_native, id=17128, stack(0x000000001c660000,0x000000001c760000)]
  0x000000001ae82800 JavaThread "Daemon health stats" [_thread_blocked, id=11632, stack(0x000000001c020000,0x000000001c120000)]
  0x000000001776e800 JavaThread "Service Thread" daemon [_thread_blocked, id=16136, stack(0x0000000019480000,0x0000000019580000)]
  0x0000000017728800 JavaThread "C1 CompilerThread2" daemon [_thread_in_vm, id=16684, stack(0x0000000018f80000,0x0000000019080000)]
=>0x0000000017723800 JavaThread "C2 CompilerThread1" daemon [_thread_in_native, id=7244, stack(0x0000000018e80000,0x0000000018f80000)]
  0x0000000017713800 JavaThread "C2 CompilerThread0" daemon [_thread_in_native, id=2564, stack(0x0000000018d80000,0x0000000018e80000)]
  0x0000000017712000 JavaThread "Attach Listener" daemon [_thread_blocked, id=3792, stack(0x0000000018c80000,0x0000000018d80000)]
  0x0000000017710800 JavaThread "Signal Dispatcher" daemon [_thread_blocked, id=14144, stack(0x0000000018b80000,0x0000000018c80000)]
  0x0000000002aeb000 JavaThread "Finalizer" daemon [_thread_blocked, id=3240, stack(0x0000000018980000,0x0000000018a80000)]
  0x00000000176f9000 JavaThread "Reference Handler" daemon [_thread_blocked, id=14732, stack(0x0000000018880000,0x0000000018980000)]
  0x00000000029ee000 JavaThread "main" [_thread_blocked, id=17316, stack(0x0000000002880000,0x0000000002980000)]

Other Threads:
  0x00000000176d6000 VMThread [stack: 0x0000000018780000,0x0000000018880000] [id=16192]
  0x00000000190af000 WatcherThread [stack: 0x0000000019580000,0x0000000019680000] [id=11640]

VM state:not at safepoint (normal execution)

VM Mutex/Monitor currently owned by a thread: None

heap address: 0x0000000080000000, size: 2048 MB, Compressed Oops mode: 32-bit
Narrow klass base: 0x0000000000000000, Narrow klass shift: 3
Compressed class space size: 1073741824 Address: 0x0000000100000000

Heap:
 PSYoungGen      total 394752K, used 191378K [0x00000000d5580000, 0x00000000eea80000, 0x0000000100000000)
  eden space 375296K, 50% used [0x00000000d5580000,0x00000000e10648b8,0x00000000ec400000)
  from space 19456K, 0% used [0x00000000ec480000,0x00000000ec480000,0x00000000ed780000)
  to   space 15360K, 0% used [0x00000000edb80000,0x00000000edb80000,0x00000000eea80000)
 ParOldGen       total 86528K, used 38683K [0x0000000080000000, 0x0000000085480000, 0x00000000d5580000)
  object space 86528K, 44% used [0x0000000080000000,0x00000000825c6d28,0x0000000085480000)
 Metaspace       used 66450K, capacity 69458K, committed 69656K, reserved 1110016K
  class space    used 9139K, capacity 9736K, committed 9760K, reserved 1048576K

Card table byte_map: [0x0000000011eb0000,0x00000000122c0000] byte_map_base: 0x0000000011ab0000

Marking Bits: (ParMarkBitMap*) 0x000000006062f030
 Begin Bits: [0x0000000012970000, 0x0000000014970000)
 End Bits:   [0x0000000014970000, 0x0000000016970000)

Polling page: 0x0000000001080000

CodeCache: size=245760Kb used=20835Kb max_used=20845Kb free=224924Kb
 bounds [0x0000000002af0000, 0x0000000003f70000, 0x0000000011af0000]
 total_blobs=7526 nmethods=6740 adapters=699
 compilation: enabled

Compilation events (10 events):
Event: 18.467 Thread 0x0000000017728800 7743       3       java.io.ObjectOutputStream::writeLong (9 bytes)
Event: 18.467 Thread 0x0000000017728800 nmethod 7743 0x000000000358c090 code [0x000000000358c200, 0x000000000358c3a8]
Event: 18.468 Thread 0x0000000017728800 7744       1       org.gradle.api.internal.tasks.properties.annotations.AbstractOutputPropertyAnnotationHandler::shouldVisit (2 bytes)
Event: 18.468 Thread 0x0000000017728800 nmethod 7744 0x0000000003629e50 code [0x0000000003629fa0, 0x000000000362a0b0]
Event: 18.468 Thread 0x0000000017728800 7745       3       java.io.ObjectStreamClass$FieldReflector::getPrimFieldValues (317 bytes)
Event: 18.469 Thread 0x0000000017713800 7748       4       java.math.BigInteger::getInt (63 bytes)
Event: 18.469 Thread 0x0000000017728800 nmethod 7745 0x0000000003f65910 code [0x0000000003f65b60, 0x0000000003f66648]
Event: 18.469 Thread 0x0000000017728800 7747       1       org.gradle.api.internal.tasks.properties.AbstractPropertySpec::getPropertyName (5 bytes)
Event: 18.469 Thread 0x0000000017728800 nmethod 7747 0x0000000003afbfd0 code [0x0000000003afc120, 0x0000000003afc230]
Event: 18.469 Thread 0x0000000017728800 7746       3       org.gradle.api.internal.tasks.properties.annotations.InputPropertyAnnotationHandler::visitPropertyValue (18 bytes)

GC Heap History (10 events):
Event: 7.438 GC heap before
{Heap before GC invocations=8 (full 1):
 PSYoungGen      total 236032K, used 44168K [0x00000000d5580000, 0x00000000e7280000, 0x0000000100000000)
  eden space 223232K, 14% used [0x00000000d5580000,0x00000000d7426300,0x00000000e2f80000)
  from space 12800K, 99% used [0x00000000e6600000,0x00000000e727bd70,0x00000000e7280000)
  to   space 16384K, 0% used [0x00000000e5280000,0x00000000e5280000,0x00000000e6280000)
 ParOldGen       total 61952K, used 13651K [0x0000000080000000, 0x0000000083c80000, 0x00000000d5580000)
  object space 61952K, 22% used [0x0000000080000000,0x0000000080d54e60,0x0000000083c80000)
 Metaspace       used 34283K, capacity 35412K, committed 35496K, reserved 1079296K
  class space    used 4718K, capacity 5001K, committed 5040K, reserved 1048576K
Event: 7.462 GC heap after
Heap after GC invocations=8 (full 1):
 PSYoungGen      total 275456K, used 8747K [0x00000000d5580000, 0x00000000eea80000, 0x0000000100000000)
  eden space 259072K, 0% used [0x00000000d5580000,0x00000000d5580000,0x00000000e5280000)
  from space 16384K, 53% used [0x00000000e5280000,0x00000000e5b0af08,0x00000000e6280000)
  to   space 15360K, 0% used [0x00000000edb80000,0x00000000edb80000,0x00000000eea80000)
 ParOldGen       total 61952K, used 13659K [0x0000000080000000, 0x0000000083c80000, 0x00000000d5580000)
  object space 61952K, 22% used [0x0000000080000000,0x0000000080d56e60,0x0000000083c80000)
 Metaspace       used 34283K, capacity 35412K, committed 35496K, reserved 1079296K
  class space    used 4718K, capacity 5001K, committed 5040K, reserved 1048576K
}
Event: 7.462 GC heap before
{Heap before GC invocations=9 (full 2):
 PSYoungGen      total 275456K, used 8747K [0x00000000d5580000, 0x00000000eea80000, 0x0000000100000000)
  eden space 259072K, 0% used [0x00000000d5580000,0x00000000d5580000,0x00000000e5280000)
  from space 16384K, 53% used [0x00000000e5280000,0x00000000e5b0af08,0x00000000e6280000)
  to   space 15360K, 0% used [0x00000000edb80000,0x00000000edb80000,0x00000000eea80000)
 ParOldGen       total 61952K, used 13659K [0x0000000080000000, 0x0000000083c80000, 0x00000000d5580000)
  object space 61952K, 22% used [0x0000000080000000,0x0000000080d56e60,0x0000000083c80000)
 Metaspace       used 34283K, capacity 35412K, committed 35496K, reserved 1079296K
  class space    used 4718K, capacity 5001K, committed 5040K, reserved 1048576K
Event: 7.609 GC heap after
Heap after GC invocations=9 (full 2):
 PSYoungGen      total 275456K, used 0K [0x00000000d5580000, 0x00000000eea80000, 0x0000000100000000)
  eden space 259072K, 0% used [0x00000000d5580000,0x00000000d5580000,0x00000000e5280000)
  from space 16384K, 0% used [0x00000000e5280000,0x00000000e5280000,0x00000000e6280000)
  to   space 15360K, 0% used [0x00000000edb80000,0x00000000edb80000,0x00000000eea80000)
 ParOldGen       total 86528K, used 15209K [0x0000000080000000, 0x0000000085480000, 0x00000000d5580000)
  object space 86528K, 17% used [0x0000000080000000,0x0000000080eda700,0x0000000085480000)
 Metaspace       used 34283K, capacity 35412K, committed 35496K, reserved 1079296K
  class space    used 4718K, capacity 5001K, committed 5040K, reserved 1048576K
}
Event: 10.996 GC heap before
{Heap before GC invocations=10 (full 2):
 PSYoungGen      total 275456K, used 259072K [0x00000000d5580000, 0x00000000eea80000, 0x0000000100000000)
  eden space 259072K, 100% used [0x00000000d5580000,0x00000000e5280000,0x00000000e5280000)
  from space 16384K, 0% used [0x00000000e5280000,0x00000000e5280000,0x00000000e6280000)
  to   space 15360K, 0% used [0x00000000edb80000,0x00000000edb80000,0x00000000eea80000)
 ParOldGen       total 86528K, used 15209K [0x0000000080000000, 0x0000000085480000, 0x00000000d5580000)
  object space 86528K, 17% used [0x0000000080000000,0x0000000080eda700,0x0000000085480000)
 Metaspace       used 46466K, capacity 48244K, committed 48424K, reserved 1091584K
  class space    used 6268K, capacity 6616K, committed 6704K, reserved 1048576K
Event: 11.028 GC heap after
Heap after GC invocations=10 (full 2):
 PSYoungGen      total 390656K, used 15349K [0x00000000d5580000, 0x00000000eea80000, 0x0000000100000000)
  eden space 375296K, 0% used [0x00000000d5580000,0x00000000d5580000,0x00000000ec400000)
  from space 15360K, 99% used [0x00000000edb80000,0x00000000eea7d6f0,0x00000000eea80000)
  to   space 19456K, 0% used [0x00000000ec480000,0x00000000ec480000,0x00000000ed780000)
 ParOldGen       total 86528K, used 18972K [0x0000000080000000, 0x0000000085480000, 0x00000000d5580000)
  object space 86528K, 21% used [0x0000000080000000,0x00000000812873c0,0x0000000085480000)
 Metaspace       used 46466K, capacity 48244K, committed 48424K, reserved 1091584K
  class space    used 6268K, capacity 6616K, committed 6704K, reserved 1048576K
}
Event: 13.789 GC heap before
{Heap before GC invocations=11 (full 2):
 PSYoungGen      total 390656K, used 155447K [0x00000000d5580000, 0x00000000eea80000, 0x0000000100000000)
  eden space 375296K, 37% used [0x00000000d5580000,0x00000000dde505a8,0x00000000ec400000)
  from space 15360K, 99% used [0x00000000edb80000,0x00000000eea7d6f0,0x00000000eea80000)
  to   space 19456K, 0% used [0x00000000ec480000,0x00000000ec480000,0x00000000ed780000)
 ParOldGen       total 86528K, used 18972K [0x0000000080000000, 0x0000000085480000, 0x00000000d5580000)
  object space 86528K, 21% used [0x0000000080000000,0x00000000812873c0,0x0000000085480000)
 Metaspace       used 56910K, capacity 59084K, committed 59160K, reserved 1099776K
  class space    used 7705K, capacity 8177K, committed 8224K, reserved 1048576K
Event: 13.821 GC heap after
Heap after GC invocations=11 (full 2):
 PSYoungGen      total 394752K, used 19449K [0x00000000d5580000, 0x00000000eea80000, 0x0000000100000000)
  eden space 375296K, 0% used [0x00000000d5580000,0x00000000d5580000,0x00000000ec400000)
  from space 19456K, 99% used [0x00000000ec480000,0x00000000ed77e438,0x00000000ed780000)
  to   space 15360K, 0% used [0x00000000edb80000,0x00000000edb80000,0x00000000eea80000)
 ParOldGen       total 86528K, used 25866K [0x0000000080000000, 0x0000000085480000, 0x00000000d5580000)
  object space 86528K, 29% used [0x0000000080000000,0x0000000081942a30,0x0000000085480000)
 Metaspace       used 56910K, capacity 59084K, committed 59160K, reserved 1099776K
  class space    used 7705K, capacity 8177K, committed 8224K, reserved 1048576K
}
Event: 13.821 GC heap before
{Heap before GC invocations=12 (full 3):
 PSYoungGen      total 394752K, used 19449K [0x00000000d5580000, 0x00000000eea80000, 0x0000000100000000)
  eden space 375296K, 0% used [0x00000000d5580000,0x00000000d5580000,0x00000000ec400000)
  from space 19456K, 99% used [0x00000000ec480000,0x00000000ed77e438,0x00000000ed780000)
  to   space 15360K, 0% used [0x00000000edb80000,0x00000000edb80000,0x00000000eea80000)
 ParOldGen       total 86528K, used 25866K [0x0000000080000000, 0x0000000085480000, 0x00000000d5580000)
  object space 86528K, 29% used [0x0000000080000000,0x0000000081942a30,0x0000000085480000)
 Metaspace       used 56910K, capacity 59084K, committed 59160K, reserved 1099776K
  class space    used 7705K, capacity 8177K, committed 8224K, reserved 1048576K
Event: 14.179 GC heap after
Heap after GC invocations=12 (full 3):
 PSYoungGen      total 394752K, used 0K [0x00000000d5580000, 0x00000000eea80000, 0x0000000100000000)
  eden space 375296K, 0% used [0x00000000d5580000,0x00000000d5580000,0x00000000ec400000)
  from space 19456K, 0% used [0x00000000ec480000,0x00000000ec480000,0x00000000ed780000)
  to   space 15360K, 0% used [0x00000000edb80000,0x00000000edb80000,0x00000000eea80000)
 ParOldGen       total 86528K, used 38683K [0x0000000080000000, 0x0000000085480000, 0x00000000d5580000)
  object space 86528K, 44% used [0x0000000080000000,0x00000000825c6d28,0x0000000085480000)
 Metaspace       used 56902K, capacity 59054K, committed 59160K, reserved 1099776K
  class space    used 7703K, capacity 8172K, committed 8224K, reserved 1048576K
}

Deoptimization events (10 events):
Event: 17.351 Thread 0x00000000193cb000 Uncommon trap: reason=unstable_if action=reinterpret pc=0x0000000003e09dfc method=java.util.concurrent.ConcurrentHashMap.addCount(JI)V @ 168
Event: 17.351 Thread 0x00000000193cb000 Uncommon trap: reason=unstable_if action=reinterpret pc=0x0000000003011254 method=java.util.concurrent.ConcurrentHashMap.transfer([Ljava/util/concurrent/ConcurrentHashMap$Node;[Ljava/util/concurrent/ConcurrentHashMap$Node;)V @ 34
Event: 17.351 Thread 0x00000000193d1000 Uncommon trap: reason=unstable_if action=reinterpret pc=0x0000000003011284 method=java.util.concurrent.ConcurrentHashMap.transfer([Ljava/util/concurrent/ConcurrentHashMap$Node;[Ljava/util/concurrent/ConcurrentHashMap$Node;)V @ 277
Event: 17.351 Thread 0x00000000193d1000 Uncommon trap: reason=unstable_if action=reinterpret pc=0x0000000003e09dfc method=java.util.concurrent.ConcurrentHashMap.addCount(JI)V @ 168
Event: 17.374 Thread 0x000000001b4b8800 Uncommon trap: reason=unstable_if action=reinterpret pc=0x0000000002ed5c18 method=com.esotericsoftware.kryo.io.Input.readUtf8(I)V @ 79
Event: 17.399 Thread 0x00000000193d1000 Uncommon trap: reason=unstable_if action=reinterpret pc=0x0000000002dd77fc method=java.lang.String$CaseInsensitiveComparator.compare(Ljava/lang/String;Ljava/lang/String;)I @ 70
Event: 17.464 Thread 0x000000001b4b8800 Uncommon trap: reason=unstable_if action=reinterpret pc=0x00000000036127dc method=com.esotericsoftware.kryo.io.Input.readUtf8(I)V @ 79
Event: 17.579 Thread 0x000000001b4b8800 Uncommon trap: reason=unstable_if action=reinterpret pc=0x0000000002d79228 method=com.esotericsoftware.kryo.io.Input.readVarInt(Z)I @ 42
Event: 18.159 Thread 0x00000000193d1000 Uncommon trap: reason=unstable_if action=reinterpret pc=0x00000000038793d4 method=java.util.concurrent.ConcurrentHashMap.addCount(JI)V @ 97
Event: 18.161 Thread 0x00000000193cb000 Uncommon trap: reason=unstable_if action=reinterpret pc=0x0000000003862ef8 method=java.util.concurrent.ConcurrentHashMap.addCount(JI)V @ 97

Classes redefined (0 events):
No events

Internal exceptions (10 events):
Event: 17.198 Thread 0x00000000193cb000 Exception <a 'java/lang/NoSuchMethodError': java.lang.Object.lambda$flatMap$4(Ljava/util/function/Function;)Lorg/gradle/api/internal/artifacts/transform/CacheableInvocation;> (0x00000000dde2d528) thrown at [C:\src\AOSP-openjdk-git\hotspot\src\share\vm\int
Event: 17.198 Thread 0x00000000193d1800 Exception <a 'java/lang/NoSuchMethodError': java.lang.Object.lambda$flatMap$1(Ljava/util/function/Function;Lorg/gradle/internal/Try;)Lorg/gradle/api/internal/artifacts/transform/CacheableInvocation;> (0x00000000ddd93f68) thrown at [C:\src\AOSP-openjdk-git
Event: 17.198 Thread 0x00000000193d2800 Exception <a 'java/lang/NoSuchMethodError': java.lang.Object.lambda$flatMap$4(Ljava/util/function/Function;)Lorg/gradle/api/internal/artifacts/transform/CacheableInvocation;> (0x00000000ddbcead0) thrown at [C:\src\AOSP-openjdk-git\hotspot\src\share\vm\int
Event: 17.199 Thread 0x00000000193d1800 Exception <a 'java/lang/NoSuchMethodError': java.lang.Object.lambda$flatMap$3(Ljava/util/function/Function;)Lorg/gradle/internal/Try;> (0x00000000ddd986a8) thrown at [C:\src\AOSP-openjdk-git\hotspot\src\share\vm\interpreter\linkResolver.cpp, line 620]
Event: 17.199 Thread 0x00000000193d2800 Exception <a 'java/lang/NoSuchMethodError': java.lang.Object.lambda$flatMap$3(Ljava/util/function/Function;)Lorg/gradle/internal/Try;> (0x00000000ddbd2728) thrown at [C:\src\AOSP-openjdk-git\hotspot\src\share\vm\interpreter\linkResolver.cpp, line 620]
Event: 17.199 Thread 0x00000000193cb000 Exception <a 'java/lang/NoSuchMethodError': java.lang.Object.lambda$flatMap$3(Ljava/util/function/Function;)Lorg/gradle/internal/Try;> (0x00000000dde31130) thrown at [C:\src\AOSP-openjdk-git\hotspot\src\share\vm\interpreter\linkResolver.cpp, line 620]
Event: 17.354 Thread 0x00000000193cb000 Exception <a 'java/lang/NoSuchMethodError': java.lang.Object.lambda$flatMap$2(Ljava/util/function/Function;Ljava/lang/Object;)Lorg/gradle/internal/Try;> (0x00000000de4ed268) thrown at [C:\src\AOSP-openjdk-git\hotspot\src\share\vm\interpreter\linkResolver.
Event: 18.155 Thread 0x0000000019d56800 Exception <a 'java/lang/NoSuchMethodError': java.lang.Object.lambda$flatMap$0(Ljava/lang/Throwable;)Lorg/gradle/api/internal/artifacts/transform/CacheableInvocation;> (0x00000000e04713a8) thrown at [C:\src\AOSP-openjdk-git\hotspot\src\share\vm\interpreter
Event: 18.219 Thread 0x0000000019d56800 Exception <a 'java/lang/NoSuchMethodError': <clinit>> (0x00000000e06cbf70) thrown at [C:\src\AOSP-openjdk-git\hotspot\src\share\vm\prims\jni.cpp, line 1615]
Event: 18.220 Thread 0x0000000019d56800 Exception <a 'java/lang/NoSuchMethodError': <clinit>> (0x00000000e06db6f8) thrown at [C:\src\AOSP-openjdk-git\hotspot\src\share\vm\prims\jni.cpp, line 1615]

Events (10 events):
Event: 18.440 loading class org/gradle/internal/snapshot/impl/SetValueSnapshot done
Event: 18.445 Thread 0x0000000017728800 flushing nmethod 0x0000000003565890
Event: 18.445 Thread 0x0000000017728800 flushing nmethod 0x000000000358c090
Event: 18.445 Thread 0x0000000017728800 flushing nmethod 0x00000000035aea50
Event: 18.445 Thread 0x0000000017728800 flushing nmethod 0x00000000035af0d0
Event: 18.446 Thread 0x0000000017728800 flushing nmethod 0x0000000003629e50
Event: 18.448 Thread 0x0000000017728800 flushing nmethod 0x00000000037b2a90
Event: 18.450 Thread 0x0000000017728800 flushing nmethod 0x0000000003afbfd0
Event: 18.459 Thread 0x0000000017713800 flushing nmethod 0x0000000003ded290
Event: 18.459 Thread 0x0000000017713800 flushing nmethod 0x0000000003e07190


Dynamic libraries:
0x00007ff674ce0000 - 0x00007ff674d11000 	C:\Program Files\Android\Android Studio\jre\bin\java.exe
0x00007ffefca00000 - 0x00007ffefcbed000 	C:\WINDOWS\SYSTEM32\ntdll.dll
0x00007ffefa220000 - 0x00007ffefa2d3000 	C:\WINDOWS\System32\KERNEL32.DLL
0x00007ffef8c90000 - 0x00007ffef8f25000 	C:\WINDOWS\System32\KERNELBASE.dll
0x00007ffefa8c0000 - 0x00007ffefa963000 	C:\WINDOWS\System32\ADVAPI32.dll
0x00007ffef9e00000 - 0x00007ffef9e9e000 	C:\WINDOWS\System32\msvcrt.dll
0x00007ffefa140000 - 0x00007ffefa1de000 	C:\WINDOWS\System32\sechost.dll
0x00007ffefa2e0000 - 0x00007ffefa402000 	C:\WINDOWS\System32\RPCRT4.dll
0x00007ffefa640000 - 0x00007ffefa7d7000 	C:\WINDOWS\System32\USER32.dll
0x00007ffef9250000 - 0x00007ffef9270000 	C:\WINDOWS\System32\win32u.dll
0x00007ffefae50000 - 0x00007ffefae79000 	C:\WINDOWS\System32\GDI32.dll
0x00007ffef9000000 - 0x00007ffef919c000 	C:\WINDOWS\System32\gdi32full.dll
0x00007ffef8f60000 - 0x00007ffef9000000 	C:\WINDOWS\System32\msvcp_win.dll
0x00007ffef93c0000 - 0x00007ffef94ba000 	C:\WINDOWS\System32\ucrtbase.dll
0x00007ffee8cd0000 - 0x00007ffee8f49000 	C:\WINDOWS\WinSxS\amd64_microsoft.windows.common-controls_6595b64144ccf1df_6.0.17763.1518_none_de6e2bd0534e2567\COMCTL32.dll
0x00007ffefaee0000 - 0x00007ffefb20d000 	C:\WINDOWS\System32\combase.dll
0x00007ffef9270000 - 0x00007ffef92ee000 	C:\WINDOWS\System32\bcryptPrimitives.dll
0x00007ffefa1e0000 - 0x00007ffefa20e000 	C:\WINDOWS\System32\IMM32.DLL
0x000000005fd80000 - 0x000000005fe52000 	C:\Program Files\Android\Android Studio\jre\jre\bin\msvcr100.dll
0x000000005fe60000 - 0x00000000606ab000 	C:\Program Files\Android\Android Studio\jre\jre\bin\server\jvm.dll
0x00007ffefc910000 - 0x00007ffefc918000 	C:\WINDOWS\System32\PSAPI.DLL
0x00007ffef5410000 - 0x00007ffef5419000 	C:\WINDOWS\SYSTEM32\WSOCK32.dll
0x00007ffef0560000 - 0x00007ffef0584000 	C:\WINDOWS\SYSTEM32\WINMM.dll
0x00007ffefb320000 - 0x00007ffefb38d000 	C:\WINDOWS\System32\WS2_32.dll
0x00007ffee7f40000 - 0x00007ffee7f4a000 	C:\WINDOWS\SYSTEM32\VERSION.dll
0x00007ffef0530000 - 0x00007ffef055d000 	C:\WINDOWS\SYSTEM32\WINMMBASE.dll
0x00007ffef9200000 - 0x00007ffef924a000 	C:\WINDOWS\System32\cfgmgr32.dll
0x00007ffef52b0000 - 0x00007ffef52bf000 	C:\Program Files\Android\Android Studio\jre\jre\bin\verify.dll
0x00007ffee17e0000 - 0x00007ffee1809000 	C:\Program Files\Android\Android Studio\jre\jre\bin\java.dll
0x00007ffee7eb0000 - 0x00007ffee7ec6000 	C:\Program Files\Android\Android Studio\jre\jre\bin\zip.dll
0x00007ffefb410000 - 0x00007ffefc909000 	C:\WINDOWS\System32\SHELL32.dll
0x00007ffefb210000 - 0x00007ffefb2b8000 	C:\WINDOWS\System32\shcore.dll
0x00007ffef94c0000 - 0x00007ffef9c12000 	C:\WINDOWS\System32\windows.storage.dll
0x00007ffef8a80000 - 0x00007ffef8aa4000 	C:\WINDOWS\System32\profapi.dll
0x00007ffef8a20000 - 0x00007ffef8a7d000 	C:\WINDOWS\System32\powrprof.dll
0x00007ffefb2c0000 - 0x00007ffefb312000 	C:\WINDOWS\System32\shlwapi.dll
0x00007ffef8a00000 - 0x00007ffef8a11000 	C:\WINDOWS\System32\kernel.appcore.dll
0x00007ffef93a0000 - 0x00007ffef93b7000 	C:\WINDOWS\System32\cryptsp.dll
0x00007ffee7cc0000 - 0x00007ffee7cda000 	C:\Program Files\Android\Android Studio\jre\jre\bin\net.dll
0x00007ffef8250000 - 0x00007ffef82b7000 	C:\WINDOWS\system32\mswsock.dll
0x00007ffee7a20000 - 0x00007ffee7a33000 	C:\Program Files\Android\Android Studio\jre\jre\bin\nio.dll
0x00007ffee9110000 - 0x00007ffee9137000 	C:\Users\BENY PRASETYO\.gradle\native\f6784746aeab05261644944871eae4fe03e0ef1612fff0a4a95f87b438bc6780\windows-amd64\native-platform.dll
0x00007ffef4010000 - 0x00007ffef401d000 	C:\Program Files\Android\Android Studio\jre\jre\bin\management.dll
0x00007ffef7dd0000 - 0x00007ffef7e03000 	C:\WINDOWS\system32\rsaenh.dll
0x00007ffef8f30000 - 0x00007ffef8f56000 	C:\WINDOWS\System32\bcrypt.dll
0x00007ffef8910000 - 0x00007ffef8939000 	C:\WINDOWS\SYSTEM32\USERENV.dll
0x00007ffef8420000 - 0x00007ffef842c000 	C:\WINDOWS\SYSTEM32\CRYPTBASE.dll
0x00007ffef7f70000 - 0x00007ffef7fad000 	C:\WINDOWS\SYSTEM32\IPHLPAPI.DLL
0x00007ffef9dd0000 - 0x00007ffef9dd8000 	C:\WINDOWS\System32\NSI.dll
0x00007ffef1eb0000 - 0x00007ffef1ec6000 	C:\WINDOWS\SYSTEM32\dhcpcsvc6.DLL
0x00007ffef1f30000 - 0x00007ffef1f4c000 	C:\WINDOWS\SYSTEM32\dhcpcsvc.DLL
0x00007ffef7fb0000 - 0x00007ffef8077000 	C:\WINDOWS\SYSTEM32\DNSAPI.dll
0x00007ffef3580000 - 0x00007ffef358b000 	C:\WINDOWS\SYSTEM32\WINNSI.DLL

VM Arguments:
jvm_args: -Xmx2048m -Dfile.encoding=UTF-8 -Duser.country=US -Duser.language=en -Duser.variant 
java_command: org.gradle.launcher.daemon.bootstrap.GradleDaemon 6.5
java_class_path (initial): C:\Users\BENY PRASETYO\.gradle\wrapper\dists\gradle-6.5-bin\6nifqtx7604sqp1q6g8wikw7p\gradle-6.5\lib\gradle-launcher-6.5.jar
Launcher Type: SUN_STANDARD

Environment Variables:
PATH=C:\WINDOWS\system32;C:\WINDOWS;C:\WINDOWS\System32\Wbem;C:\WINDOWS\System32\WindowsPowerShell\v1.0\;C:\WINDOWS\System32\OpenSSH\;C:\MinGW\bin;C:\Program Files\Git\cmd;C:\Program Files\Git\mingw64\bin;C:\Program Files\Git\usr\bin;C:\Users\BENY PRASETYO\AppData\Local\Microsoft\WindowsApps;;C:\Users\BENY PRASETYO\AppData\Local\Programs\Microsoft VS Code\bin
USERNAME=BENY PRASETYO
OS=Windows_NT
PROCESSOR_IDENTIFIER=Intel64 Family 6 Model 69 Stepping 1, GenuineIntel



---------------  S Y S T E M  ---------------

OS: Windows 10.0 , 64 bit Build 17763 (10.0.17763.475)

CPU:total 4 (initial active 4) (2 cores per cpu, 2 threads per core) family 6 model 69 stepping 1, cmov, cx8, fxsr, mmx, sse, sse2, sse3, ssse3, sse4.1, sse4.2, popcnt, avx, avx2, aes, clmul, erms, lzcnt, ht, tsc, tscinvbit, bmi1, bmi2

Memory: 4k page, physical 8291772k(413332k free), swap 23739356k(6096k free)

vm_info: OpenJDK 64-Bit Server VM (25.242-b01) for windows-amd64 JRE (1.8.0_242-release-1644-b01), built by "builder" with MS VC++ 10.0 (VS2010)

time: Mon Jan 18 08:53:56 2021
timezone: SE Asia Standard Time
elapsed time: 18 seconds (0d 0h 0m 18s)

